{"/Users/danieldamitew/Desktop/freight-management/mobile/src/api/client.ts": {"path":"/Users/danieldamitew/Desktop/freight-management/mobile/src/api/client.ts","statementMap":{"0":{"start":{"line":18,"column":28},"end":{"line":23,"column":10}},"1":{"start":{"line":27,"column":2},"end":{"line":28,"column":67}},"2":{"start":{"line":31,"column":50},"end":{"line":31,"column":54}},"3":{"start":{"line":33,"column":61},"end":{"line":33,"column":65}},"4":{"start":{"line":35,"column":68},"end":{"line":35,"column":72}},"5":{"start":{"line":38,"column":2},"end":{"line":38,"column":30}},"6":{"start":{"line":42,"column":2},"end":{"line":42,"column":27}},"7":{"start":{"line":46,"column":2},"end":{"line":46,"column":33}},"8":{"start":{"line":50,"column":18},"end":{"line":57,"column":2}},"9":{"start":{"line":62,"column":2},"end":{"line":69,"column":3}},"10":{"start":{"line":64,"column":4},"end":{"line":68,"column":5}},"11":{"start":{"line":65,"column":6},"end":{"line":65,"column":41}},"12":{"start":{"line":67,"column":6},"end":{"line":67,"column":18}},"13":{"start":{"line":70,"column":2},"end":{"line":70,"column":39}},"14":{"start":{"line":74,"column":2},"end":{"line":81,"column":3}},"15":{"start":{"line":75,"column":4},"end":{"line":79,"column":5}},"16":{"start":{"line":76,"column":6},"end":{"line":76,"column":41}},"17":{"start":{"line":80,"column":4},"end":{"line":80,"column":11}},"18":{"start":{"line":82,"column":2},"end":{"line":82,"column":46}},"19":{"start":{"line":86,"column":2},"end":{"line":93,"column":3}},"20":{"start":{"line":87,"column":4},"end":{"line":91,"column":5}},"21":{"start":{"line":88,"column":6},"end":{"line":88,"column":37}},"22":{"start":{"line":92,"column":4},"end":{"line":92,"column":11}},"23":{"start":{"line":94,"column":2},"end":{"line":94,"column":42}},"24":{"start":{"line":99,"column":0},"end":{"line":121,"column":2}},"25":{"start":{"line":102,"column":18},"end":{"line":102,"column":62}},"26":{"start":{"line":103,"column":4},"end":{"line":105,"column":5}},"27":{"start":{"line":104,"column":6},"end":{"line":104,"column":55}},"28":{"start":{"line":108,"column":4},"end":{"line":108,"column":47}},"29":{"start":{"line":111,"column":4},"end":{"line":116,"column":5}},"30":{"start":{"line":112,"column":24},"end":{"line":112,"column":65}},"31":{"start":{"line":113,"column":6},"end":{"line":115,"column":7}},"32":{"start":{"line":114,"column":8},"end":{"line":114,"column":51}},"33":{"start":{"line":118,"column":4},"end":{"line":118,"column":18}},"34":{"start":{"line":120,"column":13},"end":{"line":120,"column":34}},"35":{"start":{"line":125,"column":0},"end":{"line":189,"column":2}},"36":{"start":{"line":128,"column":4},"end":{"line":143,"column":5}},"37":{"start":{"line":129,"column":24},"end":{"line":129,"column":54}},"38":{"start":{"line":130,"column":6},"end":{"line":142,"column":7}},"39":{"start":{"line":131,"column":24},"end":{"line":131,"column":74}},"40":{"start":{"line":132,"column":8},"end":{"line":141,"column":9}},"41":{"start":{"line":133,"column":10},"end":{"line":136,"column":11}},"42":{"start":{"line":134,"column":26},"end":{"line":134,"column":60}},"43":{"start":{"line":135,"column":12},"end":{"line":135,"column":62}},"44":{"start":{"line":137,"column":10},"end":{"line":140,"column":11}},"45":{"start":{"line":138,"column":26},"end":{"line":138,"column":60}},"46":{"start":{"line":139,"column":12},"end":{"line":139,"column":65}},"47":{"start":{"line":144,"column":4},"end":{"line":144,"column":20}},"48":{"start":{"line":147,"column":19},"end":{"line":147,"column":41}},"49":{"start":{"line":148,"column":17},"end":{"line":148,"column":40}},"50":{"start":{"line":150,"column":6},"end":{"line":153,"column":35}},"51":{"start":{"line":156,"column":4},"end":{"line":167,"column":5}},"52":{"start":{"line":157,"column":6},"end":{"line":166,"column":7}},"53":{"start":{"line":159,"column":8},"end":{"line":163,"column":9}},"54":{"start":{"line":160,"column":10},"end":{"line":160,"column":51}},"55":{"start":{"line":164,"column":8},"end":{"line":164,"column":26}},"56":{"start":{"line":165,"column":8},"end":{"line":165,"column":35}},"57":{"start":{"line":170,"column":4},"end":{"line":175,"column":5}},"58":{"start":{"line":171,"column":19},"end":{"line":171,"column":78}},"59":{"start":{"line":173,"column":8},"end":{"line":173,"column":70}},"60":{"start":{"line":174,"column":6},"end":{"line":174,"column":36}},"61":{"start":{"line":178,"column":4},"end":{"line":185,"column":5}},"62":{"start":{"line":179,"column":19},"end":{"line":179,"column":78}},"63":{"start":{"line":181,"column":8},"end":{"line":183,"column":50}},"64":{"start":{"line":184,"column":6},"end":{"line":184,"column":43}},"65":{"start":{"line":187,"column":4},"end":{"line":187,"column":33}},"66":{"start":{"line":199,"column":2},"end":{"line":199,"column":69}},"67":{"start":{"line":200,"column":2},"end":{"line":202,"column":3}},"68":{"start":{"line":201,"column":4},"end":{"line":201,"column":65}},"69":{"start":{"line":203,"column":2},"end":{"line":203,"column":57}},"70":{"start":{"line":204,"column":2},"end":{"line":204,"column":61}},"71":{"start":{"line":208,"column":2},"end":{"line":208,"column":49}},"72":{"start":{"line":209,"column":2},"end":{"line":209,"column":46}},"73":{"start":{"line":210,"column":2},"end":{"line":210,"column":43}},"74":{"start":{"line":211,"column":2},"end":{"line":211,"column":45}},"75":{"start":{"line":215,"column":2},"end":{"line":218,"column":3}},"76":{"start":{"line":216,"column":19},"end":{"line":216,"column":57}},"77":{"start":{"line":217,"column":4},"end":{"line":217,"column":20}},"78":{"start":{"line":219,"column":16},"end":{"line":219,"column":60}},"79":{"start":{"line":220,"column":2},"end":{"line":220,"column":17}},"80":{"start":{"line":224,"column":2},"end":{"line":224,"column":42}},"81":{"start":{"line":228,"column":2},"end":{"line":228,"column":44}},"82":{"start":{"line":234,"column":2},"end":{"line":266,"column":3}},"83":{"start":{"line":235,"column":17},"end":{"line":235,"column":37}},"84":{"start":{"line":236,"column":4},"end":{"line":253,"column":5}},"85":{"start":{"line":238,"column":6},"end":{"line":249,"column":7}},"86":{"start":{"line":243,"column":8},"end":{"line":248,"column":22}},"87":{"start":{"line":246,"column":14},"end":{"line":246,"column":40}},"88":{"start":{"line":250,"column":6},"end":{"line":252,"column":7}},"89":{"start":{"line":251,"column":8},"end":{"line":251,"column":34}},"90":{"start":{"line":254,"column":4},"end":{"line":265,"column":5}},"91":{"start":{"line":256,"column":8},"end":{"line":256,"column":67}},"92":{"start":{"line":258,"column":8},"end":{"line":260,"column":38}},"93":{"start":{"line":262,"column":8},"end":{"line":262,"column":36}},"94":{"start":{"line":264,"column":8},"end":{"line":264,"column":57}},"95":{"start":{"line":267,"column":2},"end":{"line":269,"column":3}},"96":{"start":{"line":268,"column":4},"end":{"line":268,"column":25}},"97":{"start":{"line":270,"column":2},"end":{"line":270,"column":41}}},"fnMap":{"0":{"name":"setOnUnauthorized","decl":{"start":{"line":37,"column":16},"end":{"line":37,"column":33}},"loc":{"start":{"line":37,"column":50},"end":{"line":39,"column":1}},"line":37},"1":{"name":"setOnForbidden","decl":{"start":{"line":41,"column":16},"end":{"line":41,"column":30}},"loc":{"start":{"line":41,"column":61},"end":{"line":43,"column":1}},"line":41},"2":{"name":"setOnPaymentRequired","decl":{"start":{"line":45,"column":16},"end":{"line":45,"column":36}},"loc":{"start":{"line":45,"column":68},"end":{"line":47,"column":1}},"line":45},"3":{"name":"readSecure","decl":{"start":{"line":61,"column":15},"end":{"line":61,"column":25}},"loc":{"start":{"line":61,"column":63},"end":{"line":71,"column":1}},"line":61},"4":{"name":"writeSecure","decl":{"start":{"line":73,"column":15},"end":{"line":73,"column":26}},"loc":{"start":{"line":73,"column":70},"end":{"line":83,"column":1}},"line":73},"5":{"name":"deleteSecure","decl":{"start":{"line":85,"column":15},"end":{"line":85,"column":27}},"loc":{"start":{"line":85,"column":56},"end":{"line":95,"column":1}},"line":85},"6":{"name":"(anonymous_6)","decl":{"start":{"line":100,"column":2},"end":{"line":100,"column":3}},"loc":{"start":{"line":100,"column":48},"end":{"line":119,"column":3}},"line":100},"7":{"name":"(anonymous_7)","decl":{"start":{"line":120,"column":2},"end":{"line":120,"column":3}},"loc":{"start":{"line":120,"column":13},"end":{"line":120,"column":34}},"line":120},"8":{"name":"(anonymous_8)","decl":{"start":{"line":126,"column":2},"end":{"line":126,"column":3}},"loc":{"start":{"line":126,"column":22},"end":{"line":145,"column":3}},"line":126},"9":{"name":"(anonymous_9)","decl":{"start":{"line":146,"column":2},"end":{"line":146,"column":3}},"loc":{"start":{"line":146,"column":31},"end":{"line":188,"column":3}},"line":146},"10":{"name":"saveAuth","decl":{"start":{"line":193,"column":22},"end":{"line":193,"column":30}},"loc":{"start":{"line":198,"column":18},"end":{"line":205,"column":1}},"line":198},"11":{"name":"clearAuth","decl":{"start":{"line":207,"column":22},"end":{"line":207,"column":31}},"loc":{"start":{"line":207,"column":49},"end":{"line":212,"column":1}},"line":207},"12":{"name":"isAuthenticated","decl":{"start":{"line":214,"column":22},"end":{"line":214,"column":37}},"loc":{"start":{"line":214,"column":58},"end":{"line":221,"column":1}},"line":214},"13":{"name":"getCurrentUserId","decl":{"start":{"line":223,"column":22},"end":{"line":223,"column":38}},"loc":{"start":{"line":223,"column":65},"end":{"line":225,"column":1}},"line":223},"14":{"name":"getCurrentUserRole","decl":{"start":{"line":227,"column":22},"end":{"line":227,"column":40}},"loc":{"start":{"line":227,"column":67},"end":{"line":229,"column":1}},"line":227},"15":{"name":"getErrorMessage","decl":{"start":{"line":233,"column":16},"end":{"line":233,"column":31}},"loc":{"start":{"line":233,"column":56},"end":{"line":271,"column":1}},"line":233},"16":{"name":"(anonymous_16)","decl":{"start":{"line":245,"column":12},"end":{"line":245,"column":13}},"loc":{"start":{"line":246,"column":14},"end":{"line":246,"column":40}},"line":246}},"branchMap":{"0":{"loc":{"start":{"line":27,"column":2},"end":{"line":28,"column":67}},"type":"binary-expr","locations":[{"start":{"line":27,"column":2},"end":{"line":27,"column":41}},{"start":{"line":28,"column":3},"end":{"line":28,"column":39}},{"start":{"line":28,"column":43},"end":{"line":28,"column":66}}],"line":27},"1":{"loc":{"start":{"line":62,"column":2},"end":{"line":69,"column":3}},"type":"if","locations":[{"start":{"line":62,"column":2},"end":{"line":69,"column":3}},{"start":{},"end":{}}],"line":62},"2":{"loc":{"start":{"line":74,"column":2},"end":{"line":81,"column":3}},"type":"if","locations":[{"start":{"line":74,"column":2},"end":{"line":81,"column":3}},{"start":{},"end":{}}],"line":74},"3":{"loc":{"start":{"line":86,"column":2},"end":{"line":93,"column":3}},"type":"if","locations":[{"start":{"line":86,"column":2},"end":{"line":93,"column":3}},{"start":{},"end":{}}],"line":86},"4":{"loc":{"start":{"line":103,"column":4},"end":{"line":105,"column":5}},"type":"if","locations":[{"start":{"line":103,"column":4},"end":{"line":105,"column":5}},{"start":{},"end":{}}],"line":103},"5":{"loc":{"start":{"line":103,"column":8},"end":{"line":103,"column":42}},"type":"binary-expr","locations":[{"start":{"line":103,"column":8},"end":{"line":103,"column":13}},{"start":{"line":103,"column":17},"end":{"line":103,"column":42}}],"line":103},"6":{"loc":{"start":{"line":111,"column":4},"end":{"line":116,"column":5}},"type":"if","locations":[{"start":{"line":111,"column":4},"end":{"line":116,"column":5}},{"start":{},"end":{}}],"line":111},"7":{"loc":{"start":{"line":111,"column":52},"end":{"line":111,"column":71}},"type":"binary-expr","locations":[{"start":{"line":111,"column":52},"end":{"line":111,"column":65}},{"start":{"line":111,"column":69},"end":{"line":111,"column":71}}],"line":111},"8":{"loc":{"start":{"line":113,"column":6},"end":{"line":115,"column":7}},"type":"if","locations":[{"start":{"line":113,"column":6},"end":{"line":115,"column":7}},{"start":{},"end":{}}],"line":113},"9":{"loc":{"start":{"line":128,"column":4},"end":{"line":143,"column":5}},"type":"if","locations":[{"start":{"line":128,"column":4},"end":{"line":143,"column":5}},{"start":{},"end":{}}],"line":128},"10":{"loc":{"start":{"line":130,"column":6},"end":{"line":142,"column":7}},"type":"if","locations":[{"start":{"line":130,"column":6},"end":{"line":142,"column":7}},{"start":{},"end":{}}],"line":130},"11":{"loc":{"start":{"line":131,"column":24},"end":{"line":131,"column":74}},"type":"cond-expr","locations":[{"start":{"line":131,"column":51},"end":{"line":131,"column":60}},{"start":{"line":131,"column":63},"end":{"line":131,"column":74}}],"line":131},"12":{"loc":{"start":{"line":133,"column":10},"end":{"line":136,"column":11}},"type":"if","locations":[{"start":{"line":133,"column":10},"end":{"line":136,"column":11}},{"start":{},"end":{}}],"line":133},"13":{"loc":{"start":{"line":137,"column":10},"end":{"line":140,"column":11}},"type":"if","locations":[{"start":{"line":137,"column":10},"end":{"line":140,"column":11}},{"start":{},"end":{}}],"line":137},"14":{"loc":{"start":{"line":148,"column":17},"end":{"line":148,"column":40}},"type":"binary-expr","locations":[{"start":{"line":148,"column":17},"end":{"line":148,"column":34}},{"start":{"line":148,"column":38},"end":{"line":148,"column":40}}],"line":148},"15":{"loc":{"start":{"line":150,"column":6},"end":{"line":153,"column":35}},"type":"binary-expr","locations":[{"start":{"line":150,"column":6},"end":{"line":150,"column":34}},{"start":{"line":151,"column":6},"end":{"line":151,"column":37}},{"start":{"line":152,"column":6},"end":{"line":152,"column":39}},{"start":{"line":153,"column":6},"end":{"line":153,"column":35}}],"line":150},"16":{"loc":{"start":{"line":156,"column":4},"end":{"line":167,"column":5}},"type":"if","locations":[{"start":{"line":156,"column":4},"end":{"line":167,"column":5}},{"start":{},"end":{}}],"line":156},"17":{"loc":{"start":{"line":157,"column":6},"end":{"line":166,"column":7}},"type":"if","locations":[{"start":{"line":157,"column":6},"end":{"line":166,"column":7}},{"start":{},"end":{}}],"line":157},"18":{"loc":{"start":{"line":170,"column":4},"end":{"line":175,"column":5}},"type":"if","locations":[{"start":{"line":170,"column":4},"end":{"line":175,"column":5}},{"start":{},"end":{}}],"line":170},"19":{"loc":{"start":{"line":170,"column":8},"end":{"line":170,"column":41}},"type":"binary-expr","locations":[{"start":{"line":170,"column":8},"end":{"line":170,"column":22}},{"start":{"line":170,"column":26},"end":{"line":170,"column":41}}],"line":170},"20":{"loc":{"start":{"line":173,"column":8},"end":{"line":173,"column":70}},"type":"cond-expr","locations":[{"start":{"line":173,"column":42},"end":{"line":173,"column":52}},{"start":{"line":173,"column":55},"end":{"line":173,"column":70}}],"line":173},"21":{"loc":{"start":{"line":178,"column":4},"end":{"line":185,"column":5}},"type":"if","locations":[{"start":{"line":178,"column":4},"end":{"line":185,"column":5}},{"start":{},"end":{}}],"line":178},"22":{"loc":{"start":{"line":181,"column":8},"end":{"line":183,"column":50}},"type":"cond-expr","locations":[{"start":{"line":182,"column":12},"end":{"line":182,"column":22}},{"start":{"line":183,"column":12},"end":{"line":183,"column":50}}],"line":181},"23":{"loc":{"start":{"line":200,"column":2},"end":{"line":202,"column":3}},"type":"if","locations":[{"start":{"line":200,"column":2},"end":{"line":202,"column":3}},{"start":{},"end":{}}],"line":200},"24":{"loc":{"start":{"line":215,"column":2},"end":{"line":218,"column":3}},"type":"if","locations":[{"start":{"line":215,"column":2},"end":{"line":218,"column":3}},{"start":{},"end":{}}],"line":215},"25":{"loc":{"start":{"line":234,"column":2},"end":{"line":266,"column":3}},"type":"if","locations":[{"start":{"line":234,"column":2},"end":{"line":266,"column":3}},{"start":{},"end":{}}],"line":234},"26":{"loc":{"start":{"line":236,"column":4},"end":{"line":253,"column":5}},"type":"if","locations":[{"start":{"line":236,"column":4},"end":{"line":253,"column":5}},{"start":{},"end":{}}],"line":236},"27":{"loc":{"start":{"line":236,"column":8},"end":{"line":236,"column":40}},"type":"binary-expr","locations":[{"start":{"line":236,"column":8},"end":{"line":236,"column":12}},{"start":{"line":236,"column":16},"end":{"line":236,"column":40}}],"line":236},"28":{"loc":{"start":{"line":238,"column":6},"end":{"line":249,"column":7}},"type":"if","locations":[{"start":{"line":238,"column":6},"end":{"line":249,"column":7}},{"start":{},"end":{}}],"line":238},"29":{"loc":{"start":{"line":239,"column":8},"end":{"line":241,"column":30}},"type":"binary-expr","locations":[{"start":{"line":239,"column":8},"end":{"line":239,"column":24}},{"start":{"line":240,"column":8},"end":{"line":240,"column":34}},{"start":{"line":241,"column":8},"end":{"line":241,"column":30}}],"line":239},"30":{"loc":{"start":{"line":250,"column":6},"end":{"line":252,"column":7}},"type":"if","locations":[{"start":{"line":250,"column":6},"end":{"line":252,"column":7}},{"start":{},"end":{}}],"line":250},"31":{"loc":{"start":{"line":254,"column":4},"end":{"line":265,"column":5}},"type":"switch","locations":[{"start":{"line":255,"column":6},"end":{"line":256,"column":67}},{"start":{"line":257,"column":6},"end":{"line":260,"column":38}},{"start":{"line":261,"column":6},"end":{"line":262,"column":36}},{"start":{"line":263,"column":6},"end":{"line":264,"column":57}}],"line":254},"32":{"loc":{"start":{"line":258,"column":15},"end":{"line":260,"column":37}},"type":"cond-expr","locations":[{"start":{"line":259,"column":12},"end":{"line":259,"column":58}},{"start":{"line":260,"column":12},"end":{"line":260,"column":37}}],"line":258},"33":{"loc":{"start":{"line":267,"column":2},"end":{"line":269,"column":3}},"type":"if","locations":[{"start":{"line":267,"column":2},"end":{"line":269,"column":3}},{"start":{},"end":{}}],"line":267}},"s":{"0":1,"1":1,"2":1,"3":1,"4":1,"5":0,"6":1,"7":1,"8":1,"9":6,"10":0,"11":0,"12":0,"13":6,"14":7,"15":0,"16":0,"17":0,"18":7,"19":4,"20":0,"21":0,"22":0,"23":4,"24":1,"25":0,"26":0,"27":0,"28":0,"29":0,"30":0,"31":0,"32":0,"33":0,"34":0,"35":1,"36":0,"37":0,"38":0,"39":0,"40":0,"41":0,"42":0,"43":0,"44":0,"45":0,"46":0,"47":0,"48":0,"49":0,"50":0,"51":0,"52":0,"53":0,"54":0,"55":0,"56":0,"57":0,"58":0,"59":0,"60":0,"61":0,"62":0,"63":0,"64":0,"65":0,"66":2,"67":2,"68":1,"69":2,"70":2,"71":1,"72":1,"73":1,"74":1,"75":2,"76":0,"77":0,"78":2,"79":2,"80":2,"81":2,"82":10,"83":6,"84":6,"85":1,"86":0,"87":0,"88":1,"89":1,"90":5,"91":1,"92":2,"93":1,"94":1,"95":4,"96":1,"97":3},"f":{"0":0,"1":1,"2":1,"3":6,"4":7,"5":4,"6":0,"7":0,"8":0,"9":0,"10":2,"11":1,"12":2,"13":2,"14":2,"15":10,"16":0},"b":{"0":[1,0,0],"1":[0,6],"2":[0,7],"3":[0,4],"4":[0,0],"5":[0,0],"6":[0,0],"7":[0,0],"8":[0,0],"9":[0,0],"10":[0,0],"11":[0,0],"12":[0,0],"13":[0,0],"14":[0,0],"15":[0,0,0,0],"16":[0,0],"17":[0,0],"18":[0,0],"19":[0,0],"20":[0,0],"21":[0,0],"22":[0,0],"23":[1,1],"24":[0,2],"25":[6,4],"26":[1,5],"27":[6,1],"28":[0,1],"29":[1,0,0],"30":[1,0],"31":[1,2,1,1],"32":[1,1],"33":[1,3]},"_coverageSchema":"1a1c01bbd47fc00a2c39e90264f33305004495a9","hash":"6e2e019913380a953fe7ff500d81cc6b5b6b0f13"}
,"/Users/danieldamitew/Desktop/freight-management/mobile/src/components/Badge.tsx": {"path":"/Users/danieldamitew/Desktop/freight-management/mobile/src/components/Badge.tsx","statementMap":{"0":{"start":{"line":25,"column":74},"end":{"line":32,"column":1}},"1":{"start":{"line":40,"column":23},"end":{"line":40,"column":45}},"2":{"start":{"line":42,"column":2},"end":{"line":61,"column":4}},"3":{"start":{"line":66,"column":2},"end":{"line":90,"column":3}},"4":{"start":{"line":71,"column":6},"end":{"line":71,"column":23}},"5":{"start":{"line":78,"column":6},"end":{"line":78,"column":23}},"6":{"start":{"line":84,"column":6},"end":{"line":84,"column":21}},"7":{"start":{"line":87,"column":6},"end":{"line":87,"column":20}},"8":{"start":{"line":89,"column":6},"end":{"line":89,"column":23}},"9":{"start":{"line":93,"column":15},"end":{"line":115,"column":2}}},"fnMap":{"0":{"name":"Badge","decl":{"start":{"line":34,"column":16},"end":{"line":34,"column":21}},"loc":{"start":{"line":39,"column":15},"end":{"line":62,"column":1}},"line":39},"1":{"name":"getStatusVariant","decl":{"start":{"line":65,"column":16},"end":{"line":65,"column":32}},"loc":{"start":{"line":65,"column":63},"end":{"line":91,"column":1}},"line":65}},"branchMap":{"0":{"loc":{"start":{"line":36,"column":2},"end":{"line":36,"column":21}},"type":"default-arg","locations":[{"start":{"line":36,"column":12},"end":{"line":36,"column":21}}],"line":36},"1":{"loc":{"start":{"line":37,"column":2},"end":{"line":37,"column":13}},"type":"default-arg","locations":[{"start":{"line":37,"column":9},"end":{"line":37,"column":13}}],"line":37},"2":{"loc":{"start":{"line":46,"column":8},"end":{"line":46,"column":45}},"type":"cond-expr","locations":[{"start":{"line":46,"column":24},"end":{"line":46,"column":33}},{"start":{"line":46,"column":36},"end":{"line":46,"column":45}}],"line":46},"3":{"loc":{"start":{"line":54,"column":10},"end":{"line":54,"column":55}},"type":"cond-expr","locations":[{"start":{"line":54,"column":26},"end":{"line":54,"column":39}},{"start":{"line":54,"column":42},"end":{"line":54,"column":55}}],"line":54},"4":{"loc":{"start":{"line":66,"column":2},"end":{"line":90,"column":3}},"type":"switch","locations":[{"start":{"line":67,"column":4},"end":{"line":67,"column":21}},{"start":{"line":68,"column":4},"end":{"line":68,"column":21}},{"start":{"line":69,"column":4},"end":{"line":69,"column":18}},{"start":{"line":70,"column":4},"end":{"line":71,"column":23}},{"start":{"line":72,"column":4},"end":{"line":72,"column":22}},{"start":{"line":73,"column":4},"end":{"line":73,"column":26}},{"start":{"line":74,"column":4},"end":{"line":74,"column":20}},{"start":{"line":75,"column":4},"end":{"line":75,"column":21}},{"start":{"line":76,"column":4},"end":{"line":76,"column":19}},{"start":{"line":77,"column":4},"end":{"line":78,"column":23}},{"start":{"line":79,"column":4},"end":{"line":79,"column":21}},{"start":{"line":80,"column":4},"end":{"line":80,"column":20}},{"start":{"line":81,"column":4},"end":{"line":81,"column":21}},{"start":{"line":82,"column":4},"end":{"line":82,"column":19}},{"start":{"line":83,"column":4},"end":{"line":84,"column":21}},{"start":{"line":85,"column":4},"end":{"line":85,"column":18}},{"start":{"line":86,"column":4},"end":{"line":87,"column":20}},{"start":{"line":88,"column":4},"end":{"line":89,"column":23}}],"line":66}},"s":{"0":0,"1":0,"2":0,"3":0,"4":0,"5":0,"6":0,"7":0,"8":0,"9":0},"f":{"0":0,"1":0},"b":{"0":[0],"1":[0],"2":[0,0],"3":[0,0],"4":[0,0,0,0,0,0,0,0,0,0,0,0,0,0,0,0,0,0]}}
,"/Users/danieldamitew/Desktop/freight-management/mobile/src/components/Button.tsx": {"path":"/Users/danieldamitew/Desktop/freight-management/mobile/src/components/Button.tsx","statementMap":{"0":{"start":{"line":51,"column":21},"end":{"line":51,"column":40}},"1":{"start":{"line":53,"column":2},"end":{"line":97,"column":4}},"2":{"start":{"line":100,"column":15},"end":{"line":119,"column":2}},"3":{"start":{"line":121,"column":50},"end":{"line":137,"column":1}},"4":{"start":{"line":139,"column":54},"end":{"line":143,"column":1}},"5":{"start":{"line":145,"column":56},"end":{"line":155,"column":1}},"6":{"start":{"line":157,"column":60},"end":{"line":163,"column":1}}},"fnMap":{"0":{"name":"Button","decl":{"start":{"line":39,"column":16},"end":{"line":39,"column":22}},"loc":{"start":{"line":50,"column":16},"end":{"line":98,"column":1}},"line":50}},"branchMap":{"0":{"loc":{"start":{"line":42,"column":2},"end":{"line":42,"column":21}},"type":"default-arg","locations":[{"start":{"line":42,"column":12},"end":{"line":42,"column":21}}],"line":42},"1":{"loc":{"start":{"line":43,"column":2},"end":{"line":43,"column":13}},"type":"default-arg","locations":[{"start":{"line":43,"column":9},"end":{"line":43,"column":13}}],"line":43},"2":{"loc":{"start":{"line":44,"column":2},"end":{"line":44,"column":18}},"type":"default-arg","locations":[{"start":{"line":44,"column":13},"end":{"line":44,"column":18}}],"line":44},"3":{"loc":{"start":{"line":45,"column":2},"end":{"line":45,"column":17}},"type":"default-arg","locations":[{"start":{"line":45,"column":12},"end":{"line":45,"column":17}}],"line":45},"4":{"loc":{"start":{"line":47,"column":2},"end":{"line":47,"column":19}},"type":"default-arg","locations":[{"start":{"line":47,"column":14},"end":{"line":47,"column":19}}],"line":47},"5":{"loc":{"start":{"line":51,"column":21},"end":{"line":51,"column":40}},"type":"binary-expr","locations":[{"start":{"line":51,"column":21},"end":{"line":51,"column":29}},{"start":{"line":51,"column":33},"end":{"line":51,"column":40}}],"line":51},"6":{"loc":{"start":{"line":61,"column":8},"end":{"line":61,"column":37}},"type":"binary-expr","locations":[{"start":{"line":61,"column":8},"end":{"line":61,"column":18}},{"start":{"line":61,"column":22},"end":{"line":61,"column":37}}],"line":61},"7":{"loc":{"start":{"line":62,"column":8},"end":{"line":62,"column":37}},"type":"binary-expr","locations":[{"start":{"line":62,"column":8},"end":{"line":62,"column":17}},{"start":{"line":62,"column":21},"end":{"line":62,"column":37}}],"line":62},"8":{"loc":{"start":{"line":71,"column":7},"end":{"line":95,"column":7}},"type":"cond-expr","locations":[{"start":{"line":72,"column":8},"end":{"line":79,"column":10}},{"start":{"line":81,"column":8},"end":{"line":94,"column":11}}],"line":71},"9":{"loc":{"start":{"line":75,"column":12},"end":{"line":77,"column":28}},"type":"cond-expr","locations":[{"start":{"line":76,"column":16},"end":{"line":76,"column":33}},{"start":{"line":77,"column":16},"end":{"line":77,"column":28}}],"line":75},"10":{"loc":{"start":{"line":75,"column":12},"end":{"line":75,"column":56}},"type":"binary-expr","locations":[{"start":{"line":75,"column":12},"end":{"line":75,"column":33}},{"start":{"line":75,"column":37},"end":{"line":75,"column":56}}],"line":75},"11":{"loc":{"start":{"line":88,"column":14},"end":{"line":88,"column":47}},"type":"binary-expr","locations":[{"start":{"line":88,"column":14},"end":{"line":88,"column":24}},{"start":{"line":88,"column":28},"end":{"line":88,"column":47}}],"line":88},"12":{"loc":{"start":{"line":89,"column":14},"end":{"line":89,"column":59}},"type":"cond-expr","locations":[{"start":{"line":89,"column":21},"end":{"line":89,"column":47}},{"start":{"line":89,"column":50},"end":{"line":89,"column":59}}],"line":89}},"s":{"0":0,"1":0,"2":0,"3":0,"4":0,"5":0,"6":0},"f":{"0":0},"b":{"0":[0],"1":[0],"2":[0],"3":[0],"4":[0],"5":[0,0],"6":[0,0],"7":[0,0],"8":[0,0],"9":[0,0],"10":[0,0],"11":[0,0],"12":[0,0]}}
,"/Users/danieldamitew/Desktop/freight-management/mobile/src/components/Card.tsx": {"path":"/Users/danieldamitew/Desktop/freight-management/mobile/src/components/Card.tsx","statementMap":{"0":{"start":{"line":22,"column":2},"end":{"line":33,"column":4}},"1":{"start":{"line":36,"column":15},"end":{"line":40,"column":2}},"2":{"start":{"line":42,"column":49},"end":{"line":59,"column":1}}},"fnMap":{"0":{"name":"Card","decl":{"start":{"line":16,"column":16},"end":{"line":16,"column":20}},"loc":{"start":{"line":21,"column":14},"end":{"line":34,"column":1}},"line":21}},"branchMap":{"0":{"loc":{"start":{"line":19,"column":2},"end":{"line":19,"column":22}},"type":"default-arg","locations":[{"start":{"line":19,"column":12},"end":{"line":19,"column":22}}],"line":19},"1":{"loc":{"start":{"line":20,"column":2},"end":{"line":20,"column":16}},"type":"default-arg","locations":[{"start":{"line":20,"column":12},"end":{"line":20,"column":16}}],"line":20}},"s":{"0":0,"1":0,"2":0},"f":{"0":0},"b":{"0":[0],"1":[0]}}
,"/Users/danieldamitew/Desktop/freight-management/mobile/src/components/EmptyState.tsx": {"path":"/Users/danieldamitew/Desktop/freight-management/mobile/src/components/EmptyState.tsx","statementMap":{"0":{"start":{"line":27,"column":2},"end":{"line":42,"column":4}},"1":{"start":{"line":45,"column":15},"end":{"line":67,"column":2}}},"fnMap":{"0":{"name":"EmptyState","decl":{"start":{"line":20,"column":16},"end":{"line":20,"column":26}},"loc":{"start":{"line":26,"column":20},"end":{"line":43,"column":1}},"line":26}},"branchMap":{"0":{"loc":{"start":{"line":21,"column":2},"end":{"line":21,"column":28}},"type":"default-arg","locations":[{"start":{"line":21,"column":9},"end":{"line":21,"column":28}}],"line":21},"1":{"loc":{"start":{"line":31,"column":7},"end":{"line":31,"column":63}},"type":"binary-expr","locations":[{"start":{"line":31,"column":7},"end":{"line":31,"column":14}},{"start":{"line":31,"column":18},"end":{"line":31,"column":63}}],"line":31},"2":{"loc":{"start":{"line":32,"column":7},"end":{"line":40,"column":7}},"type":"binary-expr","locations":[{"start":{"line":32,"column":7},"end":{"line":32,"column":18}},{"start":{"line":32,"column":22},"end":{"line":32,"column":30}},{"start":{"line":33,"column":8},"end":{"line":39,"column":10}}],"line":32}},"s":{"0":0,"1":0},"f":{"0":0},"b":{"0":[0],"1":[0,0],"2":[0,0,0]}}
,"/Users/danieldamitew/Desktop/freight-management/mobile/src/components/ErrorBoundary.tsx": {"path":"/Users/danieldamitew/Desktop/freight-management/mobile/src/components/ErrorBoundary.tsx","statementMap":{"0":{"start":{"line":28,"column":4},"end":{"line":28,"column":17}},"1":{"start":{"line":29,"column":4},"end":{"line":29,"column":50}},"2":{"start":{"line":33,"column":4},"end":{"line":33,"column":37}},"3":{"start":{"line":37,"column":4},"end":{"line":37,"column":70}},"4":{"start":{"line":40,"column":16},"end":{"line":42,"column":3}},"5":{"start":{"line":41,"column":4},"end":{"line":41,"column":52}},"6":{"start":{"line":45,"column":4},"end":{"line":78,"column":5}},"7":{"start":{"line":46,"column":6},"end":{"line":48,"column":7}},"8":{"start":{"line":47,"column":8},"end":{"line":47,"column":35}},"9":{"start":{"line":50,"column":6},"end":{"line":77,"column":8}},"10":{"start":{"line":80,"column":4},"end":{"line":80,"column":31}},"11":{"start":{"line":84,"column":15},"end":{"line":132,"column":2}}},"fnMap":{"0":{"name":"(anonymous_0)","decl":{"start":{"line":27,"column":2},"end":{"line":27,"column":3}},"loc":{"start":{"line":27,"column":41},"end":{"line":30,"column":3}},"line":27},"1":{"name":"(anonymous_1)","decl":{"start":{"line":32,"column":2},"end":{"line":32,"column":3}},"loc":{"start":{"line":32,"column":77},"end":{"line":34,"column":3}},"line":32},"2":{"name":"(anonymous_2)","decl":{"start":{"line":36,"column":2},"end":{"line":36,"column":3}},"loc":{"start":{"line":36,"column":62},"end":{"line":38,"column":3}},"line":36},"3":{"name":"(anonymous_3)","decl":{"start":{"line":40,"column":16},"end":{"line":40,"column":17}},"loc":{"start":{"line":40,"column":22},"end":{"line":42,"column":3}},"line":40},"4":{"name":"(anonymous_4)","decl":{"start":{"line":44,"column":2},"end":{"line":44,"column":3}},"loc":{"start":{"line":44,"column":11},"end":{"line":81,"column":3}},"line":44}},"branchMap":{"0":{"loc":{"start":{"line":45,"column":4},"end":{"line":78,"column":5}},"type":"if","locations":[{"start":{"line":45,"column":4},"end":{"line":78,"column":5}},{"start":{},"end":{}}],"line":45},"1":{"loc":{"start":{"line":46,"column":6},"end":{"line":48,"column":7}},"type":"if","locations":[{"start":{"line":46,"column":6},"end":{"line":48,"column":7}},{"start":{},"end":{}}],"line":46},"2":{"loc":{"start":{"line":62,"column":11},"end":{"line":68,"column":11}},"type":"binary-expr","locations":[{"start":{"line":62,"column":11},"end":{"line":62,"column":18}},{"start":{"line":62,"column":22},"end":{"line":62,"column":38}},{"start":{"line":63,"column":12},"end":{"line":67,"column":19}}],"line":62}},"s":{"0":0,"1":0,"2":0,"3":0,"4":0,"5":0,"6":0,"7":0,"8":0,"9":0,"10":0,"11":0},"f":{"0":0,"1":0,"2":0,"3":0,"4":0},"b":{"0":[0,0],"1":[0,0],"2":[0,0,0]}}
,"/Users/danieldamitew/Desktop/freight-management/mobile/src/components/Input.tsx": {"path":"/Users/danieldamitew/Desktop/freight-management/mobile/src/components/Input.tsx","statementMap":{"0":{"start":{"line":40,"column":36},"end":{"line":40,"column":51}},"1":{"start":{"line":41,"column":42},"end":{"line":41,"column":57}},"2":{"start":{"line":43,"column":19},"end":{"line":43,"column":26}},"3":{"start":{"line":45,"column":2},"end":{"line":90,"column":4}},"4":{"start":{"line":64,"column":25},"end":{"line":64,"column":43}},"5":{"start":{"line":65,"column":24},"end":{"line":65,"column":43}},"6":{"start":{"line":73,"column":27},"end":{"line":73,"column":57}},"7":{"start":{"line":93,"column":15},"end":{"line":152,"column":2}}},"fnMap":{"0":{"name":"Input","decl":{"start":{"line":30,"column":16},"end":{"line":30,"column":21}},"loc":{"start":{"line":39,"column":15},"end":{"line":91,"column":1}},"line":39},"1":{"name":"(anonymous_1)","decl":{"start":{"line":64,"column":19},"end":{"line":64,"column":20}},"loc":{"start":{"line":64,"column":25},"end":{"line":64,"column":43}},"line":64},"2":{"name":"(anonymous_2)","decl":{"start":{"line":65,"column":18},"end":{"line":65,"column":19}},"loc":{"start":{"line":65,"column":24},"end":{"line":65,"column":43}},"line":65},"3":{"name":"(anonymous_3)","decl":{"start":{"line":73,"column":21},"end":{"line":73,"column":22}},"loc":{"start":{"line":73,"column":27},"end":{"line":73,"column":57}},"line":73}},"branchMap":{"0":{"loc":{"start":{"line":35,"column":2},"end":{"line":35,"column":20}},"type":"default-arg","locations":[{"start":{"line":35,"column":15},"end":{"line":35,"column":20}}],"line":35},"1":{"loc":{"start":{"line":37,"column":2},"end":{"line":37,"column":18}},"type":"default-arg","locations":[{"start":{"line":37,"column":13},"end":{"line":37,"column":18}}],"line":37},"2":{"loc":{"start":{"line":47,"column":7},"end":{"line":52,"column":7}},"type":"binary-expr","locations":[{"start":{"line":47,"column":7},"end":{"line":47,"column":12}},{"start":{"line":48,"column":8},"end":{"line":51,"column":15}}],"line":47},"3":{"loc":{"start":{"line":48,"column":36},"end":{"line":48,"column":65}},"type":"binary-expr","locations":[{"start":{"line":48,"column":36},"end":{"line":48,"column":44}},{"start":{"line":48,"column":48},"end":{"line":48,"column":65}}],"line":48},"4":{"loc":{"start":{"line":50,"column":11},"end":{"line":50,"column":62}},"type":"binary-expr","locations":[{"start":{"line":50,"column":11},"end":{"line":50,"column":19}},{"start":{"line":50,"column":23},"end":{"line":50,"column":62}}],"line":50},"5":{"loc":{"start":{"line":56,"column":10},"end":{"line":56,"column":42}},"type":"binary-expr","locations":[{"start":{"line":56,"column":10},"end":{"line":56,"column":19}},{"start":{"line":56,"column":23},"end":{"line":56,"column":42}}],"line":56},"6":{"loc":{"start":{"line":57,"column":10},"end":{"line":57,"column":39}},"type":"binary-expr","locations":[{"start":{"line":57,"column":10},"end":{"line":57,"column":18}},{"start":{"line":57,"column":22},"end":{"line":57,"column":39}}],"line":57},"7":{"loc":{"start":{"line":60,"column":9},"end":{"line":60,"column":68}},"type":"binary-expr","locations":[{"start":{"line":60,"column":9},"end":{"line":60,"column":17}},{"start":{"line":60,"column":21},"end":{"line":60,"column":68}}],"line":60},"8":{"loc":{"start":{"line":62,"column":32},"end":{"line":62,"column":73}},"type":"cond-expr","locations":[{"start":{"line":62,"column":43},"end":{"line":62,"column":61}},{"start":{"line":62,"column":64},"end":{"line":62,"column":73}}],"line":62},"9":{"loc":{"start":{"line":66,"column":27},"end":{"line":66,"column":54}},"type":"binary-expr","locations":[{"start":{"line":66,"column":27},"end":{"line":66,"column":37}},{"start":{"line":66,"column":41},"end":{"line":66,"column":54}}],"line":66},"10":{"loc":{"start":{"line":67,"column":26},"end":{"line":67,"column":77}},"type":"cond-expr","locations":[{"start":{"line":67,"column":39},"end":{"line":67,"column":45}},{"start":{"line":67,"column":48},"end":{"line":67,"column":77}}],"line":67},"11":{"loc":{"start":{"line":71,"column":9},"end":{"line":85,"column":9}},"type":"binary-expr","locations":[{"start":{"line":71,"column":9},"end":{"line":71,"column":19}},{"start":{"line":72,"column":10},"end":{"line":84,"column":29}}],"line":71},"12":{"loc":{"start":{"line":76,"column":14},"end":{"line":76,"column":62}},"type":"cond-expr","locations":[{"start":{"line":76,"column":29},"end":{"line":76,"column":44}},{"start":{"line":76,"column":47},"end":{"line":76,"column":62}}],"line":76},"13":{"loc":{"start":{"line":80,"column":20},"end":{"line":80,"column":68}},"type":"cond-expr","locations":[{"start":{"line":80,"column":35},"end":{"line":80,"column":52}},{"start":{"line":80,"column":55},"end":{"line":80,"column":68}}],"line":80},"14":{"loc":{"start":{"line":87,"column":7},"end":{"line":87,"column":60}},"type":"binary-expr","locations":[{"start":{"line":87,"column":7},"end":{"line":87,"column":15}},{"start":{"line":87,"column":19},"end":{"line":87,"column":60}}],"line":87},"15":{"loc":{"start":{"line":88,"column":7},"end":{"line":88,"column":67}},"type":"binary-expr","locations":[{"start":{"line":88,"column":7},"end":{"line":88,"column":11}},{"start":{"line":88,"column":15},"end":{"line":88,"column":24}},{"start":{"line":88,"column":28},"end":{"line":88,"column":67}}],"line":88}},"s":{"0":0,"1":0,"2":0,"3":0,"4":0,"5":0,"6":0,"7":0},"f":{"0":0,"1":0,"2":0,"3":0},"b":{"0":[0],"1":[0],"2":[0,0],"3":[0,0],"4":[0,0],"5":[0,0],"6":[0,0],"7":[0,0],"8":[0,0],"9":[0,0],"10":[0,0],"11":[0,0],"12":[0,0],"13":[0,0],"14":[0,0],"15":[0,0,0]}}
,"/Users/danieldamitew/Desktop/freight-management/mobile/src/components/LoadingSpinner.tsx": {"path":"/Users/danieldamitew/Desktop/freight-management/mobile/src/components/LoadingSpinner.tsx","statementMap":{"0":{"start":{"line":23,"column":2},"end":{"line":30,"column":3}},"1":{"start":{"line":24,"column":4},"end":{"line":29,"column":6}},"2":{"start":{"line":32,"column":2},"end":{"line":37,"column":4}},"3":{"start":{"line":40,"column":15},"end":{"line":57,"column":2}}},"fnMap":{"0":{"name":"LoadingSpinner","decl":{"start":{"line":17,"column":16},"end":{"line":17,"column":30}},"loc":{"start":{"line":22,"column":24},"end":{"line":38,"column":1}},"line":22}},"branchMap":{"0":{"loc":{"start":{"line":19,"column":2},"end":{"line":19,"column":20}},"type":"default-arg","locations":[{"start":{"line":19,"column":15},"end":{"line":19,"column":20}}],"line":19},"1":{"loc":{"start":{"line":20,"column":2},"end":{"line":20,"column":16}},"type":"default-arg","locations":[{"start":{"line":20,"column":9},"end":{"line":20,"column":16}}],"line":20},"2":{"loc":{"start":{"line":21,"column":2},"end":{"line":21,"column":27}},"type":"default-arg","locations":[{"start":{"line":21,"column":10},"end":{"line":21,"column":27}}],"line":21},"3":{"loc":{"start":{"line":23,"column":2},"end":{"line":30,"column":3}},"type":"if","locations":[{"start":{"line":23,"column":2},"end":{"line":30,"column":3}},{"start":{},"end":{}}],"line":23},"4":{"loc":{"start":{"line":27,"column":9},"end":{"line":27,"column":65}},"type":"binary-expr","locations":[{"start":{"line":27,"column":9},"end":{"line":27,"column":16}},{"start":{"line":27,"column":20},"end":{"line":27,"column":65}}],"line":27},"5":{"loc":{"start":{"line":35,"column":7},"end":{"line":35,"column":63}},"type":"binary-expr","locations":[{"start":{"line":35,"column":7},"end":{"line":35,"column":14}},{"start":{"line":35,"column":18},"end":{"line":35,"column":63}}],"line":35}},"s":{"0":0,"1":0,"2":0,"3":0},"f":{"0":0},"b":{"0":[0],"1":[0],"2":[0],"3":[0,0],"4":[0,0],"5":[0,0]}}
,"/Users/danieldamitew/Desktop/freight-management/mobile/src/components/StarRating.tsx": {"path":"/Users/danieldamitew/Desktop/freight-management/mobile/src/components/StarRating.tsx","statementMap":{"0":{"start":{"line":22,"column":2},"end":{"line":39,"column":4}},"1":{"start":{"line":25,"column":8},"end":{"line":36,"column":27}},"2":{"start":{"line":28,"column":25},"end":{"line":28,"column":41}},"3":{"start":{"line":42,"column":15},"end":{"line":48,"column":2}}},"fnMap":{"0":{"name":"StarRating","decl":{"start":{"line":16,"column":24},"end":{"line":16,"column":34}},"loc":{"start":{"line":21,"column":20},"end":{"line":40,"column":1}},"line":21},"1":{"name":"(anonymous_1)","decl":{"start":{"line":24,"column":27},"end":{"line":24,"column":28}},"loc":{"start":{"line":25,"column":8},"end":{"line":36,"column":27}},"line":25},"2":{"name":"(anonymous_2)","decl":{"start":{"line":28,"column":19},"end":{"line":28,"column":20}},"loc":{"start":{"line":28,"column":25},"end":{"line":28,"column":41}},"line":28}},"branchMap":{"0":{"loc":{"start":{"line":19,"column":2},"end":{"line":19,"column":11}},"type":"default-arg","locations":[{"start":{"line":19,"column":9},"end":{"line":19,"column":11}}],"line":19},"1":{"loc":{"start":{"line":20,"column":2},"end":{"line":20,"column":19}},"type":"default-arg","locations":[{"start":{"line":20,"column":10},"end":{"line":20,"column":19}}],"line":20},"2":{"loc":{"start":{"line":29,"column":25},"end":{"line":29,"column":43}},"type":"cond-expr","locations":[{"start":{"line":29,"column":36},"end":{"line":29,"column":39}},{"start":{"line":29,"column":42},"end":{"line":29,"column":43}}],"line":29},"3":{"loc":{"start":{"line":32,"column":18},"end":{"line":32,"column":57}},"type":"cond-expr","locations":[{"start":{"line":32,"column":34},"end":{"line":32,"column":40}},{"start":{"line":32,"column":43},"end":{"line":32,"column":57}}],"line":32},"4":{"loc":{"start":{"line":34,"column":19},"end":{"line":34,"column":52}},"type":"cond-expr","locations":[{"start":{"line":34,"column":35},"end":{"line":34,"column":40}},{"start":{"line":34,"column":43},"end":{"line":34,"column":52}}],"line":34}},"s":{"0":0,"1":0,"2":0,"3":0},"f":{"0":0,"1":0,"2":0},"b":{"0":[0],"1":[0],"2":[0,0],"3":[0,0],"4":[0,0]}}
,"/Users/danieldamitew/Desktop/freight-management/mobile/src/components/StatusBadge.tsx": {"path":"/Users/danieldamitew/Desktop/freight-management/mobile/src/components/StatusBadge.tsx","statementMap":{"0":{"start":{"line":22,"column":18},"end":{"line":22,"column":42}},"1":{"start":{"line":25,"column":2},"end":{"line":36,"column":3}},"2":{"start":{"line":27,"column":6},"end":{"line":27,"column":39}},"3":{"start":{"line":28,"column":6},"end":{"line":28,"column":12}},"4":{"start":{"line":30,"column":6},"end":{"line":30,"column":39}},"5":{"start":{"line":31,"column":6},"end":{"line":31,"column":12}},"6":{"start":{"line":33,"column":6},"end":{"line":35,"column":50}},"7":{"start":{"line":35,"column":33},"end":{"line":35,"column":48}},"8":{"start":{"line":38,"column":2},"end":{"line":38,"column":77}}},"fnMap":{"0":{"name":"StatusBadge","decl":{"start":{"line":16,"column":16},"end":{"line":16,"column":27}},"loc":{"start":{"line":21,"column":21},"end":{"line":39,"column":1}},"line":21},"1":{"name":"(anonymous_1)","decl":{"start":{"line":35,"column":26},"end":{"line":35,"column":27}},"loc":{"start":{"line":35,"column":33},"end":{"line":35,"column":48}},"line":35}},"branchMap":{"0":{"loc":{"start":{"line":18,"column":2},"end":{"line":18,"column":18}},"type":"default-arg","locations":[{"start":{"line":18,"column":9},"end":{"line":18,"column":18}}],"line":18},"1":{"loc":{"start":{"line":19,"column":2},"end":{"line":19,"column":13}},"type":"default-arg","locations":[{"start":{"line":19,"column":9},"end":{"line":19,"column":13}}],"line":19},"2":{"loc":{"start":{"line":25,"column":2},"end":{"line":36,"column":3}},"type":"switch","locations":[{"start":{"line":26,"column":4},"end":{"line":28,"column":12}},{"start":{"line":29,"column":4},"end":{"line":31,"column":12}},{"start":{"line":32,"column":4},"end":{"line":35,"column":50}}],"line":25}},"s":{"0":0,"1":0,"2":0,"3":0,"4":0,"5":0,"6":0,"7":0,"8":0},"f":{"0":0,"1":0},"b":{"0":[0],"1":[0],"2":[0,0,0]}}
,"/Users/danieldamitew/Desktop/freight-management/mobile/src/components/index.ts": {"path":"/Users/danieldamitew/Desktop/freight-management/mobile/src/components/index.ts","statementMap":{},"fnMap":{},"branchMap":{},"s":{},"f":{},"b":{}}
,"/Users/danieldamitew/Desktop/freight-management/mobile/src/hooks/index.ts": {"path":"/Users/danieldamitew/Desktop/freight-management/mobile/src/hooks/index.ts","statementMap":{},"fnMap":{},"branchMap":{},"s":{},"f":{},"b":{}}
,"/Users/danieldamitew/Desktop/freight-management/mobile/src/hooks/useAuth.ts": {"path":"/Users/danieldamitew/Desktop/freight-management/mobile/src/hooks/useAuth.ts","statementMap":{"0":{"start":{"line":8,"column":2},"end":{"line":8,"column":37}},"1":{"start":{"line":8,"column":29},"end":{"line":8,"column":35}},"2":{"start":{"line":13,"column":2},"end":{"line":13,"column":39}},"3":{"start":{"line":13,"column":29},"end":{"line":13,"column":37}},"4":{"start":{"line":18,"column":2},"end":{"line":18,"column":51}},"5":{"start":{"line":18,"column":29},"end":{"line":18,"column":49}},"6":{"start":{"line":23,"column":2},"end":{"line":23,"column":46}},"7":{"start":{"line":23,"column":29},"end":{"line":23,"column":44}},"8":{"start":{"line":28,"column":2},"end":{"line":28,"column":42}},"9":{"start":{"line":28,"column":29},"end":{"line":28,"column":40}}},"fnMap":{"0":{"name":"useCurrentUser","decl":{"start":{"line":7,"column":16},"end":{"line":7,"column":30}},"loc":{"start":{"line":7,"column":33},"end":{"line":9,"column":1}},"line":7},"1":{"name":"(anonymous_1)","decl":{"start":{"line":8,"column":22},"end":{"line":8,"column":23}},"loc":{"start":{"line":8,"column":29},"end":{"line":8,"column":35}},"line":8},"2":{"name":"useIsAuthenticated","decl":{"start":{"line":12,"column":16},"end":{"line":12,"column":34}},"loc":{"start":{"line":12,"column":37},"end":{"line":14,"column":1}},"line":12},"3":{"name":"(anonymous_3)","decl":{"start":{"line":13,"column":22},"end":{"line":13,"column":23}},"loc":{"start":{"line":13,"column":29},"end":{"line":13,"column":37}},"line":13},"4":{"name":"useUserRole","decl":{"start":{"line":17,"column":16},"end":{"line":17,"column":27}},"loc":{"start":{"line":17,"column":30},"end":{"line":19,"column":1}},"line":17},"5":{"name":"(anonymous_5)","decl":{"start":{"line":18,"column":22},"end":{"line":18,"column":23}},"loc":{"start":{"line":18,"column":29},"end":{"line":18,"column":49}},"line":18},"6":{"name":"useIsAuthInitialized","decl":{"start":{"line":22,"column":16},"end":{"line":22,"column":36}},"loc":{"start":{"line":22,"column":39},"end":{"line":24,"column":1}},"line":22},"7":{"name":"(anonymous_7)","decl":{"start":{"line":23,"column":22},"end":{"line":23,"column":23}},"loc":{"start":{"line":23,"column":29},"end":{"line":23,"column":44}},"line":23},"8":{"name":"useIsAuthLoading","decl":{"start":{"line":27,"column":16},"end":{"line":27,"column":32}},"loc":{"start":{"line":27,"column":35},"end":{"line":29,"column":1}},"line":27},"9":{"name":"(anonymous_9)","decl":{"start":{"line":28,"column":22},"end":{"line":28,"column":23}},"loc":{"start":{"line":28,"column":29},"end":{"line":28,"column":40}},"line":28}},"branchMap":{"0":{"loc":{"start":{"line":18,"column":29},"end":{"line":18,"column":49}},"type":"binary-expr","locations":[{"start":{"line":18,"column":29},"end":{"line":18,"column":41}},{"start":{"line":18,"column":45},"end":{"line":18,"column":49}}],"line":18}},"s":{"0":2,"1":2,"2":2,"3":2,"4":3,"5":3,"6":2,"7":2,"8":2,"9":2},"f":{"0":2,"1":2,"2":2,"3":2,"4":3,"5":3,"6":2,"7":2,"8":2,"9":2},"b":{"0":[3,1]},"_coverageSchema":"1a1c01bbd47fc00a2c39e90264f33305004495a9","hash":"f16feb90e9285ea4c8576968d8feab8534eee44b"}
,"/Users/danieldamitew/Desktop/freight-management/mobile/src/hooks/useDashboard.ts": {"path":"/Users/danieldamitew/Desktop/freight-management/mobile/src/hooks/useDashboard.ts","statementMap":{"0":{"start":{"line":9,"column":2},"end":{"line":13,"column":5}},"1":{"start":{"line":11,"column":19},"end":{"line":11,"column":57}},"2":{"start":{"line":18,"column":2},"end":{"line":22,"column":5}},"3":{"start":{"line":20,"column":19},"end":{"line":20,"column":57}}},"fnMap":{"0":{"name":"useCarrierDashboard","decl":{"start":{"line":8,"column":16},"end":{"line":8,"column":35}},"loc":{"start":{"line":8,"column":38},"end":{"line":14,"column":1}},"line":8},"1":{"name":"(anonymous_1)","decl":{"start":{"line":11,"column":13},"end":{"line":11,"column":14}},"loc":{"start":{"line":11,"column":19},"end":{"line":11,"column":57}},"line":11},"2":{"name":"useShipperDashboard","decl":{"start":{"line":17,"column":16},"end":{"line":17,"column":35}},"loc":{"start":{"line":17,"column":38},"end":{"line":23,"column":1}},"line":17},"3":{"name":"(anonymous_3)","decl":{"start":{"line":20,"column":13},"end":{"line":20,"column":14}},"loc":{"start":{"line":20,"column":19},"end":{"line":20,"column":57}},"line":20}},"branchMap":{},"s":{"0":3,"1":1,"2":3,"3":1},"f":{"0":3,"1":1,"2":3,"3":1},"b":{},"_coverageSchema":"1a1c01bbd47fc00a2c39e90264f33305004495a9","hash":"713a09d209c16f5d5a498819191462f589347034"}
,"/Users/danieldamitew/Desktop/freight-management/mobile/src/hooks/useDisputes.ts": {"path":"/Users/danieldamitew/Desktop/freight-management/mobile/src/hooks/useDisputes.ts","statementMap":{"0":{"start":{"line":7,"column":21},"end":{"line":7,"column":42}},"1":{"start":{"line":11,"column":2},"end":{"line":14,"column":5}},"2":{"start":{"line":13,"column":19},"end":{"line":13,"column":53}},"3":{"start":{"line":19,"column":2},"end":{"line":23,"column":5}},"4":{"start":{"line":21,"column":19},"end":{"line":21,"column":49}},"5":{"start":{"line":28,"column":22},"end":{"line":28,"column":38}},"6":{"start":{"line":29,"column":2},"end":{"line":37,"column":5}},"7":{"start":{"line":31,"column":6},"end":{"line":31,"column":40}},"8":{"start":{"line":33,"column":6},"end":{"line":33,"column":64}},"9":{"start":{"line":34,"column":6},"end":{"line":34,"column":61}},"10":{"start":{"line":35,"column":6},"end":{"line":35,"column":61}}},"fnMap":{"0":{"name":"useDisputes","decl":{"start":{"line":10,"column":16},"end":{"line":10,"column":27}},"loc":{"start":{"line":10,"column":75},"end":{"line":15,"column":1}},"line":10},"1":{"name":"(anonymous_1)","decl":{"start":{"line":13,"column":13},"end":{"line":13,"column":14}},"loc":{"start":{"line":13,"column":19},"end":{"line":13,"column":53}},"line":13},"2":{"name":"useDispute","decl":{"start":{"line":18,"column":16},"end":{"line":18,"column":26}},"loc":{"start":{"line":18,"column":51},"end":{"line":24,"column":1}},"line":18},"3":{"name":"(anonymous_3)","decl":{"start":{"line":21,"column":13},"end":{"line":21,"column":14}},"loc":{"start":{"line":21,"column":19},"end":{"line":21,"column":49}},"line":21},"4":{"name":"useCreateDispute","decl":{"start":{"line":27,"column":16},"end":{"line":27,"column":32}},"loc":{"start":{"line":27,"column":35},"end":{"line":38,"column":1}},"line":27},"5":{"name":"(anonymous_5)","decl":{"start":{"line":30,"column":16},"end":{"line":30,"column":17}},"loc":{"start":{"line":31,"column":6},"end":{"line":31,"column":40}},"line":31},"6":{"name":"(anonymous_6)","decl":{"start":{"line":32,"column":15},"end":{"line":32,"column":16}},"loc":{"start":{"line":32,"column":21},"end":{"line":36,"column":5}},"line":32}},"branchMap":{},"s":{"0":2,"1":3,"2":1,"3":4,"4":1,"5":3,"6":3,"7":1,"8":2,"9":2,"10":2},"f":{"0":3,"1":1,"2":4,"3":1,"4":3,"5":1,"6":2},"b":{},"_coverageSchema":"1a1c01bbd47fc00a2c39e90264f33305004495a9","hash":"cae6341f8f2c0048ed73b469529c7e01284ea705"}
,"/Users/danieldamitew/Desktop/freight-management/mobile/src/hooks/useDocuments.ts": {"path":"/Users/danieldamitew/Desktop/freight-management/mobile/src/hooks/useDocuments.ts","statementMap":{"0":{"start":{"line":7,"column":17},"end":{"line":7,"column":39}},"1":{"start":{"line":14,"column":2},"end":{"line":22,"column":5}},"2":{"start":{"line":17,"column":6},"end":{"line":20,"column":8}},"3":{"start":{"line":27,"column":22},"end":{"line":27,"column":38}},"4":{"start":{"line":28,"column":2},"end":{"line":34,"column":5}},"5":{"start":{"line":30,"column":6},"end":{"line":30,"column":46}},"6":{"start":{"line":32,"column":6},"end":{"line":32,"column":60}},"7":{"start":{"line":39,"column":22},"end":{"line":39,"column":38}},"8":{"start":{"line":40,"column":2},"end":{"line":51,"column":5}},"9":{"start":{"line":47,"column":10},"end":{"line":47,"column":56}},"10":{"start":{"line":49,"column":6},"end":{"line":49,"column":60}}},"fnMap":{"0":{"name":"useDocuments","decl":{"start":{"line":10,"column":16},"end":{"line":10,"column":28}},"loc":{"start":{"line":13,"column":3},"end":{"line":23,"column":1}},"line":13},"1":{"name":"(anonymous_1)","decl":{"start":{"line":16,"column":13},"end":{"line":16,"column":14}},"loc":{"start":{"line":17,"column":6},"end":{"line":20,"column":8}},"line":17},"2":{"name":"useUploadDocument","decl":{"start":{"line":26,"column":16},"end":{"line":26,"column":33}},"loc":{"start":{"line":26,"column":36},"end":{"line":35,"column":1}},"line":26},"3":{"name":"(anonymous_3)","decl":{"start":{"line":29,"column":16},"end":{"line":29,"column":17}},"loc":{"start":{"line":30,"column":6},"end":{"line":30,"column":46}},"line":30},"4":{"name":"(anonymous_4)","decl":{"start":{"line":31,"column":15},"end":{"line":31,"column":16}},"loc":{"start":{"line":31,"column":21},"end":{"line":33,"column":5}},"line":31},"5":{"name":"useDeleteDocument","decl":{"start":{"line":38,"column":16},"end":{"line":38,"column":33}},"loc":{"start":{"line":38,"column":36},"end":{"line":52,"column":1}},"line":38},"6":{"name":"(anonymous_6)","decl":{"start":{"line":41,"column":16},"end":{"line":41,"column":17}},"loc":{"start":{"line":47,"column":10},"end":{"line":47,"column":56}},"line":47},"7":{"name":"(anonymous_7)","decl":{"start":{"line":48,"column":15},"end":{"line":48,"column":16}},"loc":{"start":{"line":48,"column":21},"end":{"line":50,"column":5}},"line":48}},"branchMap":{},"s":{"0":1,"1":5,"2":1,"3":2,"4":2,"5":1,"6":1,"7":2,"8":2,"9":1,"10":1},"f":{"0":5,"1":1,"2":2,"3":1,"4":1,"5":2,"6":1,"7":1},"b":{},"_coverageSchema":"1a1c01bbd47fc00a2c39e90264f33305004495a9","hash":"4f0f0b809512b28a362920f795ec01174917f4a9"}
,"/Users/danieldamitew/Desktop/freight-management/mobile/src/hooks/useLoads.ts": {"path":"/Users/danieldamitew/Desktop/freight-management/mobile/src/hooks/useLoads.ts","statementMap":{"0":{"start":{"line":8,"column":18},"end":{"line":8,"column":36}},"1":{"start":{"line":9,"column":26},"end":{"line":9,"column":52}},"2":{"start":{"line":24,"column":2},"end":{"line":27,"column":5}},"3":{"start":{"line":26,"column":19},"end":{"line":26,"column":47}},"4":{"start":{"line":32,"column":2},"end":{"line":36,"column":5}},"5":{"start":{"line":34,"column":19},"end":{"line":34,"column":43}},"6":{"start":{"line":41,"column":22},"end":{"line":41,"column":38}},"7":{"start":{"line":42,"column":2},"end":{"line":48,"column":5}},"8":{"start":{"line":44,"column":6},"end":{"line":44,"column":34}},"9":{"start":{"line":46,"column":6},"end":{"line":46,"column":61}},"10":{"start":{"line":53,"column":22},"end":{"line":53,"column":38}},"11":{"start":{"line":54,"column":2},"end":{"line":60,"column":5}},"12":{"start":{"line":56,"column":6},"end":{"line":56,"column":38}},"13":{"start":{"line":58,"column":6},"end":{"line":58,"column":61}},"14":{"start":{"line":65,"column":22},"end":{"line":65,"column":38}},"15":{"start":{"line":66,"column":2},"end":{"line":71,"column":5}},"16":{"start":{"line":67,"column":32},"end":{"line":67,"column":58}},"17":{"start":{"line":69,"column":6},"end":{"line":69,"column":61}},"18":{"start":{"line":76,"column":22},"end":{"line":76,"column":38}},"19":{"start":{"line":77,"column":2},"end":{"line":84,"column":5}},"20":{"start":{"line":79,"column":6},"end":{"line":79,"column":41}},"21":{"start":{"line":81,"column":6},"end":{"line":81,"column":69}},"22":{"start":{"line":82,"column":6},"end":{"line":82,"column":61}},"23":{"start":{"line":89,"column":2},"end":{"line":93,"column":5}},"24":{"start":{"line":91,"column":19},"end":{"line":91,"column":55}},"25":{"start":{"line":98,"column":22},"end":{"line":98,"column":38}},"26":{"start":{"line":99,"column":2},"end":{"line":118,"column":5}},"27":{"start":{"line":108,"column":10},"end":{"line":108,"column":68}},"28":{"start":{"line":110,"column":6},"end":{"line":110,"column":69}},"29":{"start":{"line":111,"column":6},"end":{"line":111,"column":61}},"30":{"start":{"line":112,"column":6},"end":{"line":112,"column":70}},"31":{"start":{"line":113,"column":6},"end":{"line":113,"column":61}},"32":{"start":{"line":114,"column":6},"end":{"line":114,"column":70}},"33":{"start":{"line":115,"column":6},"end":{"line":115,"column":73}},"34":{"start":{"line":116,"column":6},"end":{"line":116,"column":73}},"35":{"start":{"line":123,"column":22},"end":{"line":123,"column":38}},"36":{"start":{"line":124,"column":2},"end":{"line":142,"column":5}},"37":{"start":{"line":133,"column":10},"end":{"line":133,"column":66}},"38":{"start":{"line":135,"column":6},"end":{"line":135,"column":69}},"39":{"start":{"line":136,"column":6},"end":{"line":136,"column":61}},"40":{"start":{"line":137,"column":6},"end":{"line":137,"column":61}},"41":{"start":{"line":138,"column":6},"end":{"line":138,"column":70}},"42":{"start":{"line":139,"column":6},"end":{"line":139,"column":73}},"43":{"start":{"line":140,"column":6},"end":{"line":140,"column":73}},"44":{"start":{"line":150,"column":2},"end":{"line":153,"column":5}},"45":{"start":{"line":152,"column":19},"end":{"line":152,"column":62}},"46":{"start":{"line":158,"column":22},"end":{"line":158,"column":38}},"47":{"start":{"line":159,"column":2},"end":{"line":165,"column":5}},"48":{"start":{"line":160,"column":39},"end":{"line":160,"column":79}},"49":{"start":{"line":162,"column":6},"end":{"line":162,"column":69}},"50":{"start":{"line":163,"column":6},"end":{"line":163,"column":61}},"51":{"start":{"line":174,"column":2},"end":{"line":177,"column":5}},"52":{"start":{"line":176,"column":19},"end":{"line":176,"column":56}}},"fnMap":{"0":{"name":"useLoads","decl":{"start":{"line":12,"column":16},"end":{"line":12,"column":24}},"loc":{"start":{"line":23,"column":3},"end":{"line":28,"column":1}},"line":23},"1":{"name":"(anonymous_1)","decl":{"start":{"line":26,"column":13},"end":{"line":26,"column":14}},"loc":{"start":{"line":26,"column":19},"end":{"line":26,"column":47}},"line":26},"2":{"name":"useLoad","decl":{"start":{"line":31,"column":16},"end":{"line":31,"column":23}},"loc":{"start":{"line":31,"column":48},"end":{"line":37,"column":1}},"line":31},"3":{"name":"(anonymous_3)","decl":{"start":{"line":34,"column":13},"end":{"line":34,"column":14}},"loc":{"start":{"line":34,"column":19},"end":{"line":34,"column":43}},"line":34},"4":{"name":"useCreateLoad","decl":{"start":{"line":40,"column":16},"end":{"line":40,"column":29}},"loc":{"start":{"line":40,"column":32},"end":{"line":49,"column":1}},"line":40},"5":{"name":"(anonymous_5)","decl":{"start":{"line":43,"column":16},"end":{"line":43,"column":17}},"loc":{"start":{"line":44,"column":6},"end":{"line":44,"column":34}},"line":44},"6":{"name":"(anonymous_6)","decl":{"start":{"line":45,"column":15},"end":{"line":45,"column":16}},"loc":{"start":{"line":45,"column":21},"end":{"line":47,"column":5}},"line":45},"7":{"name":"useUpdateLoad","decl":{"start":{"line":52,"column":16},"end":{"line":52,"column":29}},"loc":{"start":{"line":52,"column":32},"end":{"line":61,"column":1}},"line":52},"8":{"name":"(anonymous_8)","decl":{"start":{"line":55,"column":16},"end":{"line":55,"column":17}},"loc":{"start":{"line":56,"column":6},"end":{"line":56,"column":38}},"line":56},"9":{"name":"(anonymous_9)","decl":{"start":{"line":57,"column":15},"end":{"line":57,"column":16}},"loc":{"start":{"line":57,"column":21},"end":{"line":59,"column":5}},"line":57},"10":{"name":"useDeleteLoad","decl":{"start":{"line":64,"column":16},"end":{"line":64,"column":29}},"loc":{"start":{"line":64,"column":32},"end":{"line":72,"column":1}},"line":64},"11":{"name":"(anonymous_11)","decl":{"start":{"line":67,"column":16},"end":{"line":67,"column":17}},"loc":{"start":{"line":67,"column":32},"end":{"line":67,"column":58}},"line":67},"12":{"name":"(anonymous_12)","decl":{"start":{"line":68,"column":15},"end":{"line":68,"column":16}},"loc":{"start":{"line":68,"column":21},"end":{"line":70,"column":5}},"line":68},"13":{"name":"useCreateLoadRequest","decl":{"start":{"line":75,"column":16},"end":{"line":75,"column":36}},"loc":{"start":{"line":75,"column":39},"end":{"line":85,"column":1}},"line":75},"14":{"name":"(anonymous_14)","decl":{"start":{"line":78,"column":16},"end":{"line":78,"column":17}},"loc":{"start":{"line":79,"column":6},"end":{"line":79,"column":41}},"line":79},"15":{"name":"(anonymous_15)","decl":{"start":{"line":80,"column":15},"end":{"line":80,"column":16}},"loc":{"start":{"line":80,"column":21},"end":{"line":83,"column":5}},"line":80},"16":{"name":"useLoadRequests","decl":{"start":{"line":88,"column":16},"end":{"line":88,"column":31}},"loc":{"start":{"line":88,"column":60},"end":{"line":94,"column":1}},"line":88},"17":{"name":"(anonymous_17)","decl":{"start":{"line":91,"column":13},"end":{"line":91,"column":14}},"loc":{"start":{"line":91,"column":19},"end":{"line":91,"column":55}},"line":91},"18":{"name":"useRespondToLoadRequest","decl":{"start":{"line":97,"column":16},"end":{"line":97,"column":39}},"loc":{"start":{"line":97,"column":42},"end":{"line":119,"column":1}},"line":97},"19":{"name":"(anonymous_19)","decl":{"start":{"line":100,"column":16},"end":{"line":100,"column":17}},"loc":{"start":{"line":108,"column":10},"end":{"line":108,"column":68}},"line":108},"20":{"name":"(anonymous_20)","decl":{"start":{"line":109,"column":15},"end":{"line":109,"column":16}},"loc":{"start":{"line":109,"column":21},"end":{"line":117,"column":5}},"line":109},"21":{"name":"useConfirmLoadRequest","decl":{"start":{"line":122,"column":16},"end":{"line":122,"column":37}},"loc":{"start":{"line":122,"column":40},"end":{"line":143,"column":1}},"line":122},"22":{"name":"(anonymous_22)","decl":{"start":{"line":125,"column":16},"end":{"line":125,"column":17}},"loc":{"start":{"line":133,"column":10},"end":{"line":133,"column":66}},"line":133},"23":{"name":"(anonymous_23)","decl":{"start":{"line":134,"column":15},"end":{"line":134,"column":16}},"loc":{"start":{"line":134,"column":21},"end":{"line":141,"column":5}},"line":134},"24":{"name":"useReceivedLoadRequests","decl":{"start":{"line":146,"column":16},"end":{"line":146,"column":39}},"loc":{"start":{"line":149,"column":3},"end":{"line":154,"column":1}},"line":149},"25":{"name":"(anonymous_25)","decl":{"start":{"line":152,"column":13},"end":{"line":152,"column":14}},"loc":{"start":{"line":152,"column":19},"end":{"line":152,"column":62}},"line":152},"26":{"name":"useCancelLoadRequest","decl":{"start":{"line":157,"column":16},"end":{"line":157,"column":36}},"loc":{"start":{"line":157,"column":39},"end":{"line":166,"column":1}},"line":157},"27":{"name":"(anonymous_27)","decl":{"start":{"line":160,"column":16},"end":{"line":160,"column":17}},"loc":{"start":{"line":160,"column":39},"end":{"line":160,"column":79}},"line":160},"28":{"name":"(anonymous_28)","decl":{"start":{"line":161,"column":15},"end":{"line":161,"column":16}},"loc":{"start":{"line":161,"column":21},"end":{"line":164,"column":5}},"line":161},"29":{"name":"useMyLoadRequests","decl":{"start":{"line":169,"column":16},"end":{"line":169,"column":33}},"loc":{"start":{"line":173,"column":3},"end":{"line":178,"column":1}},"line":173},"30":{"name":"(anonymous_30)","decl":{"start":{"line":176,"column":13},"end":{"line":176,"column":14}},"loc":{"start":{"line":176,"column":19},"end":{"line":176,"column":56}},"line":176}},"branchMap":{},"s":{"0":2,"1":2,"2":2,"3":1,"4":4,"5":1,"6":2,"7":2,"8":1,"9":1,"10":2,"11":2,"12":1,"13":1,"14":2,"15":2,"16":1,"17":1,"18":3,"19":3,"20":1,"21":2,"22":2,"23":3,"24":0,"25":3,"26":3,"27":1,"28":2,"29":2,"30":2,"31":2,"32":2,"33":2,"34":2,"35":0,"36":0,"37":0,"38":0,"39":0,"40":0,"41":0,"42":0,"43":0,"44":2,"45":1,"46":3,"47":3,"48":1,"49":2,"50":2,"51":2,"52":1},"f":{"0":2,"1":1,"2":4,"3":1,"4":2,"5":1,"6":1,"7":2,"8":1,"9":1,"10":2,"11":1,"12":1,"13":3,"14":1,"15":2,"16":3,"17":0,"18":3,"19":1,"20":2,"21":0,"22":0,"23":0,"24":2,"25":1,"26":3,"27":1,"28":2,"29":2,"30":1},"b":{},"_coverageSchema":"1a1c01bbd47fc00a2c39e90264f33305004495a9","hash":"0ee0eb211a8e96c2732c825c3a293565ee2c40dc"}
,"/Users/danieldamitew/Desktop/freight-management/mobile/src/hooks/useMatches.ts": {"path":"/Users/danieldamitew/Desktop/freight-management/mobile/src/hooks/useMatches.ts","statementMap":{"0":{"start":{"line":7,"column":20},"end":{"line":7,"column":48}},"1":{"start":{"line":8,"column":22},"end":{"line":8,"column":50}},"2":{"start":{"line":15,"column":2},"end":{"line":19,"column":5}},"3":{"start":{"line":17,"column":19},"end":{"line":17,"column":66}},"4":{"start":{"line":24,"column":22},"end":{"line":24,"column":38}},"5":{"start":{"line":25,"column":2},"end":{"line":37,"column":5}},"6":{"start":{"line":27,"column":6},"end":{"line":27,"column":47}},"7":{"start":{"line":29,"column":6},"end":{"line":29,"column":63}},"8":{"start":{"line":30,"column":6},"end":{"line":30,"column":61}},"9":{"start":{"line":31,"column":6},"end":{"line":31,"column":61}},"10":{"start":{"line":32,"column":6},"end":{"line":32,"column":70}},"11":{"start":{"line":33,"column":6},"end":{"line":33,"column":62}},"12":{"start":{"line":34,"column":6},"end":{"line":34,"column":73}},"13":{"start":{"line":35,"column":6},"end":{"line":35,"column":73}},"14":{"start":{"line":45,"column":2},"end":{"line":48,"column":5}},"15":{"start":{"line":47,"column":19},"end":{"line":47,"column":57}},"16":{"start":{"line":53,"column":22},"end":{"line":53,"column":38}},"17":{"start":{"line":54,"column":2},"end":{"line":72,"column":5}},"18":{"start":{"line":63,"column":10},"end":{"line":63,"column":75}},"19":{"start":{"line":65,"column":6},"end":{"line":65,"column":65}},"20":{"start":{"line":66,"column":6},"end":{"line":66,"column":61}},"21":{"start":{"line":67,"column":6},"end":{"line":67,"column":61}},"22":{"start":{"line":68,"column":6},"end":{"line":68,"column":70}},"23":{"start":{"line":69,"column":6},"end":{"line":69,"column":73}},"24":{"start":{"line":70,"column":6},"end":{"line":70,"column":73}}},"fnMap":{"0":{"name":"useMatchingTrucks","decl":{"start":{"line":11,"column":16},"end":{"line":11,"column":33}},"loc":{"start":{"line":14,"column":2},"end":{"line":20,"column":1}},"line":14},"1":{"name":"(anonymous_1)","decl":{"start":{"line":17,"column":13},"end":{"line":17,"column":14}},"loc":{"start":{"line":17,"column":19},"end":{"line":17,"column":66}},"line":17},"2":{"name":"useAssignTruck","decl":{"start":{"line":23,"column":16},"end":{"line":23,"column":30}},"loc":{"start":{"line":23,"column":33},"end":{"line":38,"column":1}},"line":23},"3":{"name":"(anonymous_3)","decl":{"start":{"line":26,"column":16},"end":{"line":26,"column":17}},"loc":{"start":{"line":27,"column":6},"end":{"line":27,"column":47}},"line":27},"4":{"name":"(anonymous_4)","decl":{"start":{"line":28,"column":15},"end":{"line":28,"column":16}},"loc":{"start":{"line":28,"column":21},"end":{"line":36,"column":5}},"line":28},"5":{"name":"useMatchProposals","decl":{"start":{"line":41,"column":16},"end":{"line":41,"column":33}},"loc":{"start":{"line":44,"column":3},"end":{"line":49,"column":1}},"line":44},"6":{"name":"(anonymous_6)","decl":{"start":{"line":47,"column":13},"end":{"line":47,"column":14}},"loc":{"start":{"line":47,"column":19},"end":{"line":47,"column":57}},"line":47},"7":{"name":"useRespondToProposal","decl":{"start":{"line":52,"column":16},"end":{"line":52,"column":36}},"loc":{"start":{"line":52,"column":39},"end":{"line":73,"column":1}},"line":52},"8":{"name":"(anonymous_8)","decl":{"start":{"line":55,"column":16},"end":{"line":55,"column":17}},"loc":{"start":{"line":63,"column":10},"end":{"line":63,"column":75}},"line":63},"9":{"name":"(anonymous_9)","decl":{"start":{"line":64,"column":15},"end":{"line":64,"column":16}},"loc":{"start":{"line":64,"column":21},"end":{"line":71,"column":5}},"line":64}},"branchMap":{},"s":{"0":2,"1":2,"2":5,"3":1,"4":3,"5":3,"6":1,"7":2,"8":2,"9":2,"10":2,"11":2,"12":2,"13":2,"14":0,"15":0,"16":1,"17":1,"18":0,"19":1,"20":1,"21":1,"22":1,"23":1,"24":1},"f":{"0":5,"1":1,"2":3,"3":1,"4":2,"5":0,"6":0,"7":1,"8":0,"9":1},"b":{},"_coverageSchema":"1a1c01bbd47fc00a2c39e90264f33305004495a9","hash":"5b8eedd8152a9d0e9e129d38942b078f1494eb48"}
,"/Users/danieldamitew/Desktop/freight-management/mobile/src/hooks/useMessages.ts": {"path":"/Users/danieldamitew/Desktop/freight-management/mobile/src/hooks/useMessages.ts","statementMap":{"0":{"start":{"line":7,"column":21},"end":{"line":7,"column":42}},"1":{"start":{"line":14,"column":2},"end":{"line":19,"column":5}},"2":{"start":{"line":16,"column":19},"end":{"line":16,"column":56}},"3":{"start":{"line":24,"column":22},"end":{"line":24,"column":38}},"4":{"start":{"line":25,"column":2},"end":{"line":38,"column":5}},"5":{"start":{"line":32,"column":10},"end":{"line":32,"column":52}},"6":{"start":{"line":34,"column":6},"end":{"line":36,"column":9}},"7":{"start":{"line":43,"column":22},"end":{"line":43,"column":38}},"8":{"start":{"line":44,"column":2},"end":{"line":60,"column":5}},"9":{"start":{"line":51,"column":10},"end":{"line":51,"column":56}},"10":{"start":{"line":53,"column":6},"end":{"line":55,"column":9}},"11":{"start":{"line":56,"column":6},"end":{"line":58,"column":9}},"12":{"start":{"line":68,"column":2},"end":{"line":73,"column":5}},"13":{"start":{"line":70,"column":19},"end":{"line":70,"column":59}}},"fnMap":{"0":{"name":"useTripMessages","decl":{"start":{"line":10,"column":16},"end":{"line":10,"column":31}},"loc":{"start":{"line":13,"column":2},"end":{"line":20,"column":1}},"line":13},"1":{"name":"(anonymous_1)","decl":{"start":{"line":16,"column":13},"end":{"line":16,"column":14}},"loc":{"start":{"line":16,"column":19},"end":{"line":16,"column":56}},"line":16},"2":{"name":"useSendMessage","decl":{"start":{"line":23,"column":16},"end":{"line":23,"column":30}},"loc":{"start":{"line":23,"column":33},"end":{"line":39,"column":1}},"line":23},"3":{"name":"(anonymous_3)","decl":{"start":{"line":26,"column":16},"end":{"line":26,"column":17}},"loc":{"start":{"line":32,"column":10},"end":{"line":32,"column":52}},"line":32},"4":{"name":"(anonymous_4)","decl":{"start":{"line":33,"column":15},"end":{"line":33,"column":16}},"loc":{"start":{"line":33,"column":39},"end":{"line":37,"column":5}},"line":33},"5":{"name":"useMarkMessageRead","decl":{"start":{"line":42,"column":16},"end":{"line":42,"column":34}},"loc":{"start":{"line":42,"column":37},"end":{"line":61,"column":1}},"line":42},"6":{"name":"(anonymous_6)","decl":{"start":{"line":45,"column":16},"end":{"line":45,"column":17}},"loc":{"start":{"line":51,"column":10},"end":{"line":51,"column":56}},"line":51},"7":{"name":"(anonymous_7)","decl":{"start":{"line":52,"column":15},"end":{"line":52,"column":16}},"loc":{"start":{"line":52,"column":39},"end":{"line":59,"column":5}},"line":52},"8":{"name":"useTripUnreadCount","decl":{"start":{"line":64,"column":16},"end":{"line":64,"column":34}},"loc":{"start":{"line":67,"column":2},"end":{"line":74,"column":1}},"line":67},"9":{"name":"(anonymous_9)","decl":{"start":{"line":70,"column":13},"end":{"line":70,"column":14}},"loc":{"start":{"line":70,"column":19},"end":{"line":70,"column":59}},"line":70}},"branchMap":{"0":{"loc":{"start":{"line":17,"column":13},"end":{"line":17,"column":51}},"type":"binary-expr","locations":[{"start":{"line":17,"column":13},"end":{"line":17,"column":21}},{"start":{"line":17,"column":25},"end":{"line":17,"column":51}}],"line":17},"1":{"loc":{"start":{"line":18,"column":21},"end":{"line":18,"column":53}},"type":"binary-expr","locations":[{"start":{"line":18,"column":21},"end":{"line":18,"column":45}},{"start":{"line":18,"column":49},"end":{"line":18,"column":53}}],"line":18},"2":{"loc":{"start":{"line":71,"column":13},"end":{"line":71,"column":51}},"type":"binary-expr","locations":[{"start":{"line":71,"column":13},"end":{"line":71,"column":21}},{"start":{"line":71,"column":25},"end":{"line":71,"column":51}}],"line":71}},"s":{"0":1,"1":7,"2":1,"3":2,"4":2,"5":1,"6":1,"7":2,"8":2,"9":1,"10":1,"11":1,"12":6,"13":1},"f":{"0":7,"1":1,"2":2,"3":1,"4":1,"5":2,"6":1,"7":1,"8":6,"9":1},"b":{"0":[7,6],"1":[7,6],"2":[6,5]},"_coverageSchema":"1a1c01bbd47fc00a2c39e90264f33305004495a9","hash":"2d1c30221076b2537ddbc5f34c7ea70af83b6d05"}
,"/Users/danieldamitew/Desktop/freight-management/mobile/src/hooks/useNotifications.ts": {"path":"/Users/danieldamitew/Desktop/freight-management/mobile/src/hooks/useNotifications.ts","statementMap":{"0":{"start":{"line":7,"column":26},"end":{"line":7,"column":52}},"1":{"start":{"line":11,"column":2},"end":{"line":15,"column":5}},"2":{"start":{"line":13,"column":19},"end":{"line":13,"column":63}},"3":{"start":{"line":20,"column":19},"end":{"line":20,"column":37}},"4":{"start":{"line":21,"column":2},"end":{"line":21,"column":32}},"5":{"start":{"line":26,"column":22},"end":{"line":26,"column":38}},"6":{"start":{"line":27,"column":2},"end":{"line":32,"column":5}},"7":{"start":{"line":28,"column":32},"end":{"line":28,"column":66}},"8":{"start":{"line":30,"column":6},"end":{"line":30,"column":69}},"9":{"start":{"line":37,"column":22},"end":{"line":37,"column":38}},"10":{"start":{"line":38,"column":2},"end":{"line":43,"column":5}},"11":{"start":{"line":39,"column":22},"end":{"line":39,"column":57}},"12":{"start":{"line":41,"column":6},"end":{"line":41,"column":69}},"13":{"start":{"line":48,"column":18},"end":{"line":48,"column":55}},"14":{"start":{"line":52,"column":2},"end":{"line":55,"column":5}},"15":{"start":{"line":54,"column":19},"end":{"line":54,"column":55}},"16":{"start":{"line":60,"column":22},"end":{"line":60,"column":38}},"17":{"start":{"line":61,"column":2},"end":{"line":67,"column":5}},"18":{"start":{"line":63,"column":6},"end":{"line":63,"column":56}},"19":{"start":{"line":65,"column":6},"end":{"line":65,"column":61}}},"fnMap":{"0":{"name":"useNotifications","decl":{"start":{"line":10,"column":16},"end":{"line":10,"column":32}},"loc":{"start":{"line":10,"column":77},"end":{"line":16,"column":1}},"line":10},"1":{"name":"(anonymous_1)","decl":{"start":{"line":13,"column":13},"end":{"line":13,"column":14}},"loc":{"start":{"line":13,"column":19},"end":{"line":13,"column":63}},"line":13},"2":{"name":"useNotificationUnreadCount","decl":{"start":{"line":19,"column":16},"end":{"line":19,"column":42}},"loc":{"start":{"line":19,"column":45},"end":{"line":22,"column":1}},"line":19},"3":{"name":"useMarkNotificationRead","decl":{"start":{"line":25,"column":16},"end":{"line":25,"column":39}},"loc":{"start":{"line":25,"column":42},"end":{"line":33,"column":1}},"line":25},"4":{"name":"(anonymous_4)","decl":{"start":{"line":28,"column":16},"end":{"line":28,"column":17}},"loc":{"start":{"line":28,"column":32},"end":{"line":28,"column":66}},"line":28},"5":{"name":"(anonymous_5)","decl":{"start":{"line":29,"column":15},"end":{"line":29,"column":16}},"loc":{"start":{"line":29,"column":21},"end":{"line":31,"column":5}},"line":29},"6":{"name":"useMarkAllNotificationsRead","decl":{"start":{"line":36,"column":16},"end":{"line":36,"column":43}},"loc":{"start":{"line":36,"column":46},"end":{"line":44,"column":1}},"line":36},"7":{"name":"(anonymous_7)","decl":{"start":{"line":39,"column":16},"end":{"line":39,"column":17}},"loc":{"start":{"line":39,"column":22},"end":{"line":39,"column":57}},"line":39},"8":{"name":"(anonymous_8)","decl":{"start":{"line":40,"column":15},"end":{"line":40,"column":16}},"loc":{"start":{"line":40,"column":21},"end":{"line":42,"column":5}},"line":40},"9":{"name":"useNotificationPreferences","decl":{"start":{"line":51,"column":16},"end":{"line":51,"column":42}},"loc":{"start":{"line":51,"column":45},"end":{"line":56,"column":1}},"line":51},"10":{"name":"(anonymous_10)","decl":{"start":{"line":54,"column":13},"end":{"line":54,"column":14}},"loc":{"start":{"line":54,"column":19},"end":{"line":54,"column":55}},"line":54},"11":{"name":"useUpdateNotificationPreferences","decl":{"start":{"line":59,"column":16},"end":{"line":59,"column":48}},"loc":{"start":{"line":59,"column":51},"end":{"line":68,"column":1}},"line":59},"12":{"name":"(anonymous_12)","decl":{"start":{"line":62,"column":16},"end":{"line":62,"column":17}},"loc":{"start":{"line":63,"column":6},"end":{"line":63,"column":56}},"line":63},"13":{"name":"(anonymous_13)","decl":{"start":{"line":64,"column":15},"end":{"line":64,"column":16}},"loc":{"start":{"line":64,"column":21},"end":{"line":66,"column":5}},"line":64}},"branchMap":{"0":{"loc":{"start":{"line":21,"column":9},"end":{"line":21,"column":31}},"type":"binary-expr","locations":[{"start":{"line":21,"column":9},"end":{"line":21,"column":26}},{"start":{"line":21,"column":30},"end":{"line":21,"column":31}}],"line":21}},"s":{"0":1,"1":6,"2":1,"3":2,"4":2,"5":2,"6":2,"7":1,"8":1,"9":2,"10":2,"11":1,"12":1,"13":1,"14":0,"15":0,"16":0,"17":0,"18":0,"19":0},"f":{"0":6,"1":1,"2":2,"3":2,"4":1,"5":1,"6":2,"7":1,"8":1,"9":0,"10":0,"11":0,"12":0,"13":0},"b":{"0":[2,2]},"_coverageSchema":"1a1c01bbd47fc00a2c39e90264f33305004495a9","hash":"bd11da35737e4f086e4233d2e88a94ca819f958f"}
,"/Users/danieldamitew/Desktop/freight-management/mobile/src/hooks/useOrganization.ts": {"path":"/Users/danieldamitew/Desktop/freight-management/mobile/src/hooks/useOrganization.ts","statementMap":{"0":{"start":{"line":10,"column":16},"end":{"line":10,"column":41}},"1":{"start":{"line":14,"column":2},"end":{"line":18,"column":5}},"2":{"start":{"line":16,"column":19},"end":{"line":16,"column":59}},"3":{"start":{"line":23,"column":22},"end":{"line":23,"column":38}},"4":{"start":{"line":24,"column":2},"end":{"line":30,"column":5}},"5":{"start":{"line":26,"column":6},"end":{"line":26,"column":54}},"6":{"start":{"line":28,"column":6},"end":{"line":28,"column":78}}},"fnMap":{"0":{"name":"useOrganization","decl":{"start":{"line":13,"column":16},"end":{"line":13,"column":31}},"loc":{"start":{"line":13,"column":63},"end":{"line":19,"column":1}},"line":13},"1":{"name":"(anonymous_1)","decl":{"start":{"line":16,"column":13},"end":{"line":16,"column":14}},"loc":{"start":{"line":16,"column":19},"end":{"line":16,"column":59}},"line":16},"2":{"name":"useUpdateOrganization","decl":{"start":{"line":22,"column":16},"end":{"line":22,"column":37}},"loc":{"start":{"line":22,"column":40},"end":{"line":31,"column":1}},"line":22},"3":{"name":"(anonymous_3)","decl":{"start":{"line":25,"column":16},"end":{"line":25,"column":17}},"loc":{"start":{"line":26,"column":6},"end":{"line":26,"column":54}},"line":26},"4":{"name":"(anonymous_4)","decl":{"start":{"line":27,"column":15},"end":{"line":27,"column":16}},"loc":{"start":{"line":27,"column":37},"end":{"line":29,"column":5}},"line":27}},"branchMap":{},"s":{"0":1,"1":5,"2":1,"3":3,"4":3,"5":1,"6":2},"f":{"0":5,"1":1,"2":3,"3":1,"4":2},"b":{},"_coverageSchema":"1a1c01bbd47fc00a2c39e90264f33305004495a9","hash":"b37de825f4ee5ba294428a8a141feda94ab5f0c8"}
[...]
215,"column":18}},"71":{"start":{"line":218,"column":6},"end":{"line":218,"column":43}},"72":{"start":{"line":218,"column":19},"end":{"line":218,"column":43}},"73":{"start":{"line":219,"column":6},"end":{"line":219,"column":49}},"74":{"start":{"line":219,"column":21},"end":{"line":219,"column":49}},"75":{"start":{"line":220,"column":6},"end":{"line":220,"column":49}},"76":{"start":{"line":220,"column":21},"end":{"line":220,"column":49}},"77":{"start":{"line":221,"column":6},"end":{"line":221,"column":18}},"78":{"start":{"line":224,"column":6},"end":{"line":224,"column":33}},"79":{"start":{"line":230,"column":6},"end":{"line":230,"column":54}},"80":{"start":{"line":234,"column":6},"end":{"line":234,"column":52}},"81":{"start":{"line":238,"column":6},"end":{"line":238,"column":47}},"82":{"start":{"line":242,"column":6},"end":{"line":242,"column":47}},"83":{"start":{"line":242,"column":21},"end":{"line":242,"column":47}},"84":{"start":{"line":243,"column":6},"end":{"line":243,"column":47}},"85":{"start":{"line":243,"column":21},"end":{"line":243,"column":47}},"86":{"start":{"line":244,"column":6},"end":{"line":244,"column":39}},"87":{"start":{"line":251,"column":6},"end":{"line":251,"column":18}},"88":{"start":{"line":254,"column":6},"end":{"line":254,"column":18}}},"fnMap":{"0":{"name":"getNotificationRoute","decl":{"start":{"line":31,"column":16},"end":{"line":31,"column":36}},"loc":{"start":{"line":35,"column":17},"end":{"line":256,"column":1}},"line":35}},"branchMap":{"0":{"loc":{"start":{"line":36,"column":2},"end":{"line":36,"column":25}},"type":"if","locations":[{"start":{"line":36,"column":2},"end":{"line":36,"column":25}},{"start":{},"end":{}}],"line":36},"1":{"loc":{"start":{"line":41,"column":18},"end":{"line":41,"column":68}},"type":"binary-expr","locations":[{"start":{"line":41,"column":18},"end":{"line":41,"column":38}},{"start":{"line":41,"column":42},"end":{"line":41,"column":68}}],"line":41},"2":{"loc":{"start":{"line":43,"column":2},"end":{"line":255,"column":3}},"type":"switch","locations":[{"start":{"line":45,"column":4},"end":{"line":45,"column":25}},{"start":{"line":46,"column":4},"end":{"line":46,"column":30}},{"start":{"line":47,"column":4},"end":{"line":56,"column":5}},{"start":{"line":59,"column":4},"end":{"line":59,"column":24}},{"start":{"line":60,"column":4},"end":{"line":60,"column":27}},{"start":{"line":61,"column":4},"end":{"line":61,"column":26}},{"start":{"line":62,"column":4},"end":{"line":70,"column":5}},{"start":{"line":73,"column":4},"end":{"line":77,"column":18}},{"start":{"line":80,"column":4},"end":{"line":80,"column":26}},{"start":{"line":81,"column":4},"end":{"line":84,"column":30}},{"start":{"line":87,"column":4},"end":{"line":91,"column":18}},{"start":{"line":93,"column":4},"end":{"line":99,"column":18}},{"start":{"line":101,"column":4},"end":{"line":102,"column":54}},{"start":{"line":105,"column":4},"end":{"line":105,"column":25}},{"start":{"line":106,"column":4},"end":{"line":106,"column":34}},{"start":{"line":107,"column":4},"end":{"line":107,"column":34}},{"start":{"line":108,"column":4},"end":{"line":109,"column":71}},{"start":{"line":112,"column":4},"end":{"line":112,"column":24}},{"start":{"line":113,"column":4},"end":{"line":113,"column":33}},{"start":{"line":114,"column":4},"end":{"line":114,"column":33}},{"start":{"line":115,"column":4},"end":{"line":116,"column":71}},{"start":{"line":119,"column":4},"end":{"line":120,"column":69}},{"start":{"line":123,"column":4},"end":{"line":123,"column":28}},{"start":{"line":124,"column":4},"end":{"line":125,"column":67}},{"start":{"line":128,"column":4},"end":{"line":128,"column":32}},{"start":{"line":129,"column":4},"end":{"line":129,"column":32}},{"start":{"line":130,"column":4},"end":{"line":131,"column":67}},{"start":{"line":134,"column":4},"end":{"line":134,"column":34}},{"start":{"line":135,"column":4},"end":{"line":135,"column":31}},{"start":{"line":136,"column":4},"end":{"line":136,"column":31}},{"start":{"line":137,"column":4},"end":{"line":138,"column":67}},{"start":{"line":141,"column":4},"end":{"line":142,"column":67}},{"start":{"line":145,"column":4},"end":{"line":153,"column":5}},{"start":{"line":156,"column":4},"end":{"line":162,"column":18}},{"start":{"line":165,"column":4},"end":{"line":165,"column":23}},{"start":{"line":166,"column":4},"end":{"line":166,"column":22}},{"start":{"line":167,"column":4},"end":{"line":168,"column":61}},{"start":{"line":171,"column":4},"end":{"line":172,"column":33}},{"start":{"line":175,"column":4},"end":{"line":187,"column":18}},{"start":{"line":189,"column":4},"end":{"line":195,"column":65}},{"start":{"line":197,"column":4},"end":{"line":200,"column":63}},{"start":{"line":202,"column":4},"end":{"line":208,"column":18}},{"start":{"line":211,"column":4},"end":{"line":215,"column":18}},{"start":{"line":217,"column":4},"end":{"line":221,"column":18}},{"start":{"line":223,"column":4},"end":{"line":224,"column":33}},{"start":{"line":227,"column":4},"end":{"line":227,"column":31}},{"start":{"line":228,"column":4},"end":{"line":228,"column":36}},{"start":{"line":229,"column":4},"end":{"line":230,"column":54}},{"start":{"line":233,"column":4},"end":{"line":234,"column":52}},{"start":{"line":237,"column":4},"end":{"line":238,"column":47}},{"start":{"line":241,"column":4},"end":{"line":245,"column":5}},{"start":{"line":248,"column":4},"end":{"line":248,"column":26}},{"start":{"line":249,"column":4},"end":{"line":249,"column":21}},{"start":{"line":250,"column":4},"end":{"line":251,"column":18}},{"start":{"line":253,"column":4},"end":{"line":254,"column":18}}],"line":43},"3":{"loc":{"start":{"line":49,"column":23},"end":{"line":49,"column":57}},"type":"binary-expr","locations":[{"start":{"line":49,"column":23},"end":{"line":49,"column":38}},{"start":{"line":49,"column":42},"end":{"line":49,"column":57}}],"line":49},"4":{"loc":{"start":{"line":50,"column":6},"end":{"line":54,"column":7}},"type":"if","locations":[{"start":{"line":50,"column":6},"end":{"line":54,"column":7}},{"start":{},"end":{}}],"line":50},"5":{"loc":{"start":{"line":51,"column":15},"end":{"line":53,"column":42}},"type":"cond-expr","locations":[{"start":{"line":52,"column":12},"end":{"line":52,"column":42}},{"start":{"line":53,"column":12},"end":{"line":53,"column":42}}],"line":51},"6":{"loc":{"start":{"line":63,"column":23},"end":{"line":63,"column":57}},"type":"binary-expr","locations":[{"start":{"line":63,"column":23},"end":{"line":63,"column":38}},{"start":{"line":63,"column":42},"end":{"line":63,"column":57}}],"line":63},"7":{"loc":{"start":{"line":64,"column":6},"end":{"line":68,"column":7}},"type":"if","locations":[{"start":{"line":64,"column":6},"end":{"line":68,"column":7}},{"start":{},"end":{}}],"line":64},"8":{"loc":{"start":{"line":65,"column":15},"end":{"line":67,"column":42}},"type":"cond-expr","locations":[{"start":{"line":66,"column":12},"end":{"line":66,"column":42}},{"start":{"line":67,"column":12},"end":{"line":67,"column":42}}],"line":65},"9":{"loc":{"start":{"line":69,"column":13},"end":{"line":69,"column":64}},"type":"cond-expr","locations":[{"start":{"line":69,"column":25},"end":{"line":69,"column":43}},{"start":{"line":69,"column":46},"end":{"line":69,"column":64}}],"line":69},"10":{"loc":{"start":{"line":74,"column":6},"end":{"line":74,"column":47}},"type":"if","locations":[{"start":{"line":74,"column":6},"end":{"line":74,"column":47}},{"start":{},"end":{}}],"line":74},"11":{"loc":{"start":{"line":75,"column":6},"end":{"line":75,"column":47}},"type":"if","locations":[{"start":{"line":75,"column":6},"end":{"line":75,"column":47}},{"start":{},"end":{}}],"line":75},"12":{"loc":{"start":{"line":76,"column":6},"end":{"line":76,"column":64}},"type":"if","locations":[{"start":{"line":76,"column":6},"end":{"line":76,"column":64}},{"start":{},"end":{}}],"line":76},"13":{"loc":{"start":{"line":76,"column":10},"end":{"line":76,"column":33}},"type":"binary-expr","locations":[{"start":{"line":76,"column":10},"end":{"line":76,"column":22}},{"start":{"line":76,"column":26},"end":{"line":76,"column":33}}],"line":76},"14":{"loc":{"start":{"line":82,"column":13},"end":{"line":84,"column":29}},"type":"cond-expr","locations":[{"start":{"line":83,"column":10},"end":{"line":83,"column":49}},{"start":{"line":84,"column":10},"end":{"line":84,"column":29}}],"line":82},"15":{"loc":{"start":{"line":88,"column":6},"end":{"line":88,"column":50}},"type":"if","locations":[{"start":{"line":88,"column":6},"end":{"line":88,"column":50}},{"start":{},"end":{}}],"line":88},"16":{"loc":{"start":{"line":89,"column":6},"end":{"line":90,"column":53}},"type":"if","locations":[{"start":{"line":89,"column":6},"end":{"line":90,"column":53}},{"start":{},"end":{}}],"line":89},"17":{"loc":{"start":{"line":89,"column":10},"end":{"line":89,"column":38}},"type":"binary-expr","locations":[{"start":{"line":89,"column":10},"end":{"line":89,"column":19}},{"start":{"line":89,"column":23},"end":{"line":89,"column":38}}],"line":89},"18":{"loc":{"start":{"line":94,"column":6},"end":{"line":98,"column":7}},"type":"if","locations":[{"start":{"line":94,"column":6},"end":{"line":98,"column":7}},{"start":{},"end":{}}],"line":94},"19":{"loc":{"start":{"line":95,"column":15},"end":{"line":97,"column":49}},"type":"cond-expr","locations":[{"start":{"line":96,"column":12},"end":{"line":96,"column":49}},{"start":{"line":97,"column":12},"end":{"line":97,"column":49}}],"line":95},"20":{"loc":{"start":{"line":102,"column":13},"end":{"line":102,"column":53}},"type":"cond-expr","locations":[{"start":{"line":102,"column":25},"end":{"line":102,"column":46}},{"start":{"line":102,"column":49},"end":{"line":102,"column":53}}],"line":102},"21":{"loc":{"start":{"line":109,"column":13},"end":{"line":109,"column":70}},"type":"cond-expr","locations":[{"start":{"line":109,"column":25},"end":{"line":109,"column":46}},{"start":{"line":109,"column":49},"end":{"line":109,"column":70}}],"line":109},"22":{"loc":{"start":{"line":116,"column":13},"end":{"line":116,"column":70}},"type":"cond-expr","locations":[{"start":{"line":116,"column":25},"end":{"line":116,"column":46}},{"start":{"line":116,"column":49},"end":{"line":116,"column":70}}],"line":116},"23":{"loc":{"start":{"line":120,"column":13},"end":{"line":120,"column":68}},"type":"cond-expr","locations":[{"start":{"line":120,"column":25},"end":{"line":120,"column":45}},{"start":{"line":120,"column":48},"end":{"line":120,"column":68}}],"line":120},"24":{"loc":{"start":{"line":125,"column":13},"end":{"line":125,"column":66}},"type":"cond-expr","locations":[{"start":{"line":125,"column":25},"end":{"line":125,"column":44}},{"start":{"line":125,"column":47},"end":{"line":125,"column":66}}],"line":125},"25":{"loc":{"start":{"line":131,"column":13},"end":{"line":131,"column":66}},"type":"cond-expr","locations":[{"start":{"line":131,"column":25},"end":{"line":131,"column":44}},{"start":{"line":131,"column":47},"end":{"line":131,"column":66}}],"line":131},"26":{"loc":{"start":{"line":138,"column":13},"end":{"line":138,"column":66}},"type":"cond-expr","locations":[{"start":{"line":138,"column":25},"end":{"line":138,"column":44}},{"start":{"line":138,"column":47},"end":{"line":138,"column":66}}],"line":138},"27":{"loc":{"start":{"line":142,"column":13},"end":{"line":142,"column":66}},"type":"cond-expr","locations":[{"start":{"line":142,"column":25},"end":{"line":142,"column":44}},{"start":{"line":142,"column":47},"end":{"line":142,"column":66}}],"line":142},"28":{"loc":{"start":{"line":146,"column":23},"end":{"line":146,"column":57}},"type":"binary-expr","locations":[{"start":{"line":146,"column":23},"end":{"line":146,"column":38}},{"start":{"line":146,"column":42},"end":{"line":146,"column":57}}],"line":146},"29":{"loc":{"start":{"line":147,"column":6},"end":{"line":151,"column":7}},"type":"if","locations":[{"start":{"line":147,"column":6},"end":{"line":151,"column":7}},{"start":{},"end":{}}],"line":147},"30":{"loc":{"start":{"line":148,"column":15},"end":{"line":150,"column":42}},"type":"cond-expr","locations":[{"start":{"line":149,"column":12},"end":{"line":149,"column":42}},{"start":{"line":150,"column":12},"end":{"line":150,"column":42}}],"line":148},"31":{"loc":{"start":{"line":152,"column":13},"end":{"line":152,"column":64}},"type":"cond-expr","locations":[{"start":{"line":152,"column":25},"end":{"line":152,"column":43}},{"start":{"line":152,"column":46},"end":{"line":152,"column":64}}],"line":152},"32":{"loc":{"start":{"line":157,"column":6},"end":{"line":161,"column":7}},"type":"if","locations":[{"start":{"line":157,"column":6},"end":{"line":161,"column":7}},{"start":{},"end":{}}],"line":157},"33":{"loc":{"start":{"line":158,"column":15},"end":{"line":160,"column":49}},"type":"cond-expr","locations":[{"start":{"line":159,"column":12},"end":{"line":159,"column":49}},{"start":{"line":160,"column":12},"end":{"line":160,"column":49}}],"line":158},"34":{"loc":{"start":{"line":168,"column":13},"end":{"line":168,"column":60}},"type":"cond-expr","locations":[{"start":{"line":168,"column":25},"end":{"line":168,"column":41}},{"start":{"line":168,"column":44},"end":{"line":168,"column":60}}],"line":168},"35":{"loc":{"start":{"line":176,"column":6},"end":{"line":176,"column":59}},"type":"if","locations":[{"start":{"line":176,"column":6},"end":{"line":176,"column":59}},{"start":{},"end":{}}],"line":176},"36":{"loc":{"start":{"line":177,"column":6},"end":{"line":181,"column":7}},"type":"if","locations":[{"start":{"line":177,"column":6},"end":{"line":181,"column":7}},{"start":{},"end":{}}],"line":177},"37":{"loc":{"start":{"line":178,"column":15},"end":{"line":180,"column":49}},"type":"cond-expr","locations":[{"start":{"line":179,"column":12},"end":{"line":179,"column":49}},{"start":{"line":180,"column":12},"end":{"line":180,"column":49}}],"line":178},"38":{"loc":{"start":{"line":182,"column":6},"end":{"line":186,"column":7}},"type":"if","locations":[{"start":{"line":182,"column":6},"end":{"line":186,"column":7}},{"start":{},"end":{}}],"line":182},"39":{"loc":{"start":{"line":183,"column":15},"end":{"line":185,"column":49}},"type":"cond-expr","locations":[{"start":{"line":184,"column":12},"end":{"line":184,"column":49}},{"start":{"line":185,"column":12},"end":{"line":185,"column":49}}],"line":183},"40":{"loc":{"start":{"line":190,"column":6},"end":{"line":194,"column":7}},"type":"if","locations":[{"start":{"line":190,"column":6},"end":{"line":194,"column":7}},{"start":{},"end":{}}],"line":190},"41":{"loc":{"start":{"line":191,"column":15},"end":{"line":193,"column":49}},"type":"cond-expr","locations":[{"start":{"line":192,"column":12},"end":{"line":192,"column":49}},{"start":{"line":193,"column":12},"end":{"line":193,"column":49}}],"line":191},"42":{"loc":{"start":{"line":195,"column":13},"end":{"line":195,"column":64}},"type":"cond-expr","locations":[{"start":{"line":195,"column":25},"end":{"line":195,"column":43}},{"start":{"line":195,"column":46},"end":{"line":195,"column":64}}],"line":195},"43":{"loc":{"start":{"line":198,"column":6},"end":{"line":199,"column":68}},"type":"if","locations":[{"start":{"line":198,"column":6},"end":{"line":199,"column":68}},{"start":{},"end":{}}],"line":198},"44":{"loc":{"start":{"line":198,"column":10},"end":{"line":198,"column":47}},"type":"binary-expr","locations":[{"start":{"line":198,"column":10},"end":{"line":198,"column":22}},{"start":{"line":198,"column":26},"end":{"line":198,"column":47}}],"line":198},"45":{"loc":{"start":{"line":200,"column":13},"end":{"line":200,"column":62}},"type":"cond-expr","locations":[{"start":{"line":200,"column":28},"end":{"line":200,"column":55}},{"start":{"line":200,"column":58},"end":{"line":200,"column":62}}],"line":200},"46":{"loc":{"start":{"line":203,"column":6},"end":{"line":207,"column":7}},"type":"if","locations":[{"start":{"line":203,"column":6},"end":{"line":207,"column":7}},{"start":{},"end":{}}],"line":203},"47":{"loc":{"start":{"line":204,"column":15},"end":{"line":206,"column":49}},"type":"cond-expr","locations":[{"start":{"line":205,"column":12},"end":{"line":205,"column":49}},{"start":{"line":206,"column":12},"end":{"line":206,"column":49}}],"line":204},"48":{"loc":{"start":{"line":212,"column":6},"end":{"line":212,"column":51}},"type":"if","locations":[{"start":{"line":212,"column":6},"end":{"line":212,"column":51}},{"start":{},"end":{}}],"line":212},"49":{"loc":{"start":{"line":213,"column":6},"end":{"line":213,"column":51}},"type":"if","locations":[{"start":{"line":213,"column":6},"end":{"line":213,"column":51}},{"start":{},"end":{}}],"line":213},"50":{"loc":{"start":{"line":214,"column":6},"end":{"line":214,"column":57}},"type":"if","locations":[{"start":{"line":214,"column":6},"end":{"line":214,"column":57}},{"start":{},"end":{}}],"line":214},"51":{"loc":{"start":{"line":218,"column":6},"end":{"line":218,"column":43}},"type":"if","locations":[{"start":{"line":218,"column":6},"end":{"line":218,"column":43}},{"start":{},"end":{}}],"line":218},"52":{"loc":{"start":{"line":219,"column":6},"end":{"line":219,"column":49}},"type":"if","locations":[{"start":{"line":219,"column":6},"end":{"line":219,"column":49}},{"start":{},"end":{}}],"line":219},"53":{"loc":{"start":{"line":220,"column":6},"end":{"line":220,"column":49}},"type":"if","locations":[{"start":{"line":220,"column":6},"end":{"line":220,"column":49}},{"start":{},"end":{}}],"line":220},"54":{"loc":{"start":{"line":230,"column":13},"end":{"line":230,"column":53}},"type":"cond-expr","locations":[{"start":{"line":230,"column":23},"end":{"line":230,"column":46}},{"start":{"line":230,"column":49},"end":{"line":230,"column":53}}],"line":230},"55":{"loc":{"start":{"line":234,"column":13},"end":{"line":234,"column":51}},"type":"cond-expr","locations":[{"start":{"line":234,"column":23},"end":{"line":234,"column":44}},{"start":{"line":234,"column":47},"end":{"line":234,"column":51}}],"line":234},"56":{"loc":{"start":{"line":238,"column":13},"end":{"line":238,"column":46}},"type":"cond-expr","locations":[{"start":{"line":238,"column":23},"end":{"line":238,"column":39}},{"start":{"line":238,"column":42},"end":{"line":238,"column":46}}],"line":238},"57":{"loc":{"start":{"line":242,"column":6},"end":{"line":242,"column":47}},"type":"if","locations":[{"start":{"line":242,"column":6},"end":{"line":242,"column":47}},{"start":{},"end":{}}],"line":242},"58":{"loc":{"start":{"line":243,"column":6},"end":{"line":243,"column":47}},"type":"if","locations":[{"start":{"line":243,"column":6},"end":{"line":243,"column":47}},{"start":{},"end":{}}],"line":243}},"s":{"0":48,"1":1,"2":47,"3":47,"4":47,"5":47,"6":47,"7":5,"8":5,"9":4,"10":1,"11":0,"12":0,"13":0,"14":0,"15":0,"16":0,"17":0,"18":0,"19":0,"20":0,"21":0,"22":0,"23":0,"24":0,"25":0,"26":0,"27":0,"28":0,"29":0,"30":0,"31":0,"32":5,"33":5,"34":1,"35":2,"36":0,"37":0,"38":0,"39":0,"40":0,"41":0,"42":0,"43":0,"44":0,"45":0,"46":4,"47":2,"48":0,"49":0,"50":0,"51":0,"52":0,"53":0,"54":0,"55":3,"56":1,"57":2,"58":0,"59":0,"60":0,"61":0,"62":0,"63":0,"64":3,"65":1,"66":2,"67":1,"68":1,"69":1,"70":0,"71":3,"72":1,"73":2,"74":1,"75":1,"76":1,"77":0,"78":2,"79":6,"80":0,"81":2,"82":0,"83":0,"84":0,"85":0,"86":0,"87":3,"88":1},"f":{"0":48},"b":{"0":[1,47],"1":[47,42],"2":[3,4,5,0,0,0,0,0,0,0,0,0,0,2,3,4,5,1,3,4,5,1,1,2,0,0,0,0,0,0,0,0,0,0,2,3,4,2,0,3,0,0,3,3,2,3,4,6,0,2,0,1,2,3,1],"3":[5,1],"4":[4,1],"5":[1,3],"6":[0,0],"7":[0,0],"8":[0,0],"9":[0,0],"10":[0,0],"11":[0,0],"12":[0,0],"13":[0,0],"14":[0,0],"15":[0,0],"16":[0,0],"17":[0,0],"18":[0,0],"19":[0,0],"20":[0,0],"21":[2,3],"22":[1,4],"23":[0,1],"24":[0,2],"25":[0,0],"26":[0,0],"27":[0,0],"28":[0,0],"29":[0,0],"30":[0,0],"31":[0,0],"32":[0,0],"33":[0,0],"34":[1,3],"35":[0,0],"36":[0,0],"37":[0,0],"38":[0,0],"39":[0,0],"40":[1,2],"41":[0,1],"42":[1,1],"43":[0,0],"44":[0,0],"45":[0,0],"46":[0,0],"47":[0,0],"48":[1,2],"49":[1,1],"50":[1,0],"51":[1,2],"52":[1,1],"53":[1,0],"54":[3,3],"55":[0,0],"56":[1,1],"57":[0,0],"58":[0,0]},"_coverageSchema":"1a1c01bbd47fc00a2c39e90264f33305004495a9","hash":"39d1e364738dc556e49ba378ec26ff33371af2d4"}
}
