TN:
SF:src/api/client.ts
FN:37,setOnUnauthorized
FN:41,setOnForbidden
FN:45,setOnPaymentRequired
FN:61,readSecure
FN:73,writeSecure
FN:85,deleteSecure
FN:100,(anonymous_6)
FN:120,(anonymous_7)
FN:126,(anonymous_8)
FN:146,(anonymous_9)
FN:193,saveAuth
FN:207,clearAuth
FN:214,isAuthenticated
FN:223,getCurrentUserId
FN:227,getCurrentUserRole
FN:233,getErrorMessage
FN:245,(anonymous_16)
FNF:17
FNH:11
FNDA:0,setOnUnauthorized
FNDA:1,setOnForbidden
FNDA:1,setOnPaymentRequired
FNDA:6,readSecure
FNDA:7,writeSecure
FNDA:4,deleteSecure
FNDA:0,(anonymous_6)
FNDA:0,(anonymous_7)
FNDA:0,(anonymous_8)
FNDA:0,(anonymous_9)
FNDA:2,saveAuth
FNDA:1,clearAuth
FNDA:2,isAuthenticated
FNDA:2,getCurrentUserId
FNDA:2,getCurrentUserRole
FNDA:10,getErrorMessage
FNDA:0,(anonymous_16)
DA:18,1
DA:27,1
DA:31,1
DA:33,1
DA:35,1
DA:38,0
DA:42,1
DA:46,1
DA:50,1
DA:62,6
DA:64,0
DA:65,0
DA:67,0
DA:70,6
DA:74,7
DA:75,0
DA:76,0
DA:80,0
DA:82,7
DA:86,4
DA:87,0
DA:88,0
DA:92,0
DA:94,4
DA:99,1
DA:102,0
DA:103,0
DA:104,0
DA:108,0
DA:111,0
DA:112,0
DA:113,0
DA:114,0
DA:118,0
DA:120,0
DA:125,1
DA:128,0
DA:129,0
DA:130,0
DA:131,0
DA:132,0
DA:133,0
DA:134,0
DA:135,0
DA:137,0
DA:138,0
DA:139,0
DA:144,0
DA:147,0
DA:148,0
DA:150,0
DA:156,0
DA:157,0
DA:159,0
DA:160,0
DA:164,0
DA:165,0
DA:170,0
DA:171,0
DA:173,0
DA:174,0
DA:178,0
DA:179,0
DA:181,0
DA:184,0
DA:187,0
DA:199,2
DA:200,2
DA:201,1
DA:203,2
DA:204,2
DA:208,1
DA:209,1
DA:210,1
DA:211,1
DA:215,2
DA:216,0
DA:217,0
DA:219,2
DA:220,2
DA:224,2
DA:228,2
DA:234,10
DA:235,6
DA:236,6
DA:238,1
DA:243,0
DA:246,0
DA:250,1
DA:251,1
DA:254,5
DA:256,1
DA:258,2
DA:262,1
DA:264,1
DA:267,4
DA:268,1
DA:270,3
LF:98
LH:44
BRDA:27,0,0,1
BRDA:27,0,1,0
BRDA:27,0,2,0
BRDA:62,1,0,0
BRDA:62,1,1,6
BRDA:74,2,0,0
BRDA:74,2,1,7
BRDA:86,3,0,0
BRDA:86,3,1,4
BRDA:103,4,0,0
BRDA:103,4,1,0
BRDA:103,5,0,0
BRDA:103,5,1,0
BRDA:111,6,0,0
BRDA:111,6,1,0
BRDA:111,7,0,0
BRDA:111,7,1,0
BRDA:113,8,0,0
BRDA:113,8,1,0
BRDA:128,9,0,0
BRDA:128,9,1,0
BRDA:130,10,0,0
BRDA:130,10,1,0
BRDA:131,11,0,0
BRDA:131,11,1,0
BRDA:133,12,0,0
BRDA:133,12,1,0
BRDA:137,13,0,0
BRDA:137,13,1,0
BRDA:148,14,0,0
BRDA:148,14,1,0
BRDA:150,15,0,0
BRDA:150,15,1,0
BRDA:150,15,2,0
BRDA:150,15,3,0
BRDA:156,16,0,0
BRDA:156,16,1,0
BRDA:157,17,0,0
BRDA:157,17,1,0
BRDA:170,18,0,0
BRDA:170,18,1,0
BRDA:170,19,0,0
BRDA:170,19,1,0
BRDA:173,20,0,0
BRDA:173,20,1,0
BRDA:178,21,0,0
BRDA:178,21,1,0
BRDA:181,22,0,0
BRDA:181,22,1,0
BRDA:200,23,0,1
BRDA:200,23,1,1
BRDA:215,24,0,0
BRDA:215,24,1,2
BRDA:234,25,0,6
BRDA:234,25,1,4
BRDA:236,26,0,1
BRDA:236,26,1,5
BRDA:236,27,0,6
BRDA:236,27,1,1
BRDA:238,28,0,0
BRDA:238,28,1,1
BRDA:239,29,0,1
BRDA:239,29,1,0
BRDA:239,29,2,0
BRDA:250,30,0,1
BRDA:250,30,1,0
BRDA:254,31,0,1
BRDA:254,31,1,2
BRDA:254,31,2,1
BRDA:254,31,3,1
BRDA:258,32,0,1
BRDA:258,32,1,1
BRDA:267,33,0,1
BRDA:267,33,1,3
BRF:74
BRH:24
end_of_record
TN:
SF:src/components/Badge.tsx
FN:34,Badge
FN:65,getStatusVariant
FNF:2
FNH:0
FNDA:0,Badge
FNDA:0,getStatusVariant
DA:25,0
DA:40,0
DA:42,0
DA:66,0
DA:71,0
DA:78,0
DA:84,0
DA:87,0
DA:89,0
DA:93,0
LF:10
LH:0
BRDA:36,0,0,0
BRDA:37,1,0,0
BRDA:46,2,0,0
BRDA:46,2,1,0
BRDA:54,3,0,0
BRDA:54,3,1,0
BRDA:66,4,0,0
BRDA:66,4,1,0
BRDA:66,4,2,0
BRDA:66,4,3,0
BRDA:66,4,4,0
BRDA:66,4,5,0
BRDA:66,4,6,0
BRDA:66,4,7,0
BRDA:66,4,8,0
BRDA:66,4,9,0
BRDA:66,4,10,0
BRDA:66,4,11,0
BRDA:66,4,12,0
BRDA:66,4,13,0
BRDA:66,4,14,0
BRDA:66,4,15,0
BRDA:66,4,16,0
BRDA:66,4,17,0
BRF:24
BRH:0
end_of_record
TN:
SF:src/components/Button.tsx
FN:39,Button
FNF:1
FNH:0
FNDA:0,Button
DA:51,0
DA:53,0
DA:100,0
DA:121,0
DA:139,0
DA:145,0
DA:157,0
LF:7
LH:0
BRDA:42,0,0,0
BRDA:43,1,0,0
BRDA:44,2,0,0
BRDA:45,3,0,0
BRDA:47,4,0,0
BRDA:51,5,0,0
BRDA:51,5,1,0
BRDA:61,6,0,0
BRDA:61,6,1,0
BRDA:62,7,0,0
BRDA:62,7,1,0
BRDA:71,8,0,0
BRDA:71,8,1,0
BRDA:75,9,0,0
BRDA:75,9,1,0
BRDA:75,10,0,0
BRDA:75,10,1,0
BRDA:88,11,0,0
BRDA:88,11,1,0
BRDA:89,12,0,0
BRDA:89,12,1,0
BRF:21
BRH:0
end_of_record
TN:
SF:src/components/Card.tsx
FN:16,Card
FNF:1
FNH:0
FNDA:0,Card
DA:22,0
DA:36,0
DA:42,0
LF:3
LH:0
BRDA:19,0,0,0
BRDA:20,1,0,0
BRF:2
BRH:0
end_of_record
TN:
SF:src/components/EmptyState.tsx
FN:20,EmptyState
FNF:1
FNH:0
FNDA:0,EmptyState
DA:27,0
DA:45,0
LF:2
LH:0
BRDA:21,0,0,0
BRDA:31,1,0,0
BRDA:31,1,1,0
BRDA:32,2,0,0
BRDA:32,2,1,0
BRDA:32,2,2,0
BRF:6
BRH:0
end_of_record
TN:
SF:src/components/ErrorBoundary.tsx
FN:27,(anonymous_0)
FN:32,(anonymous_1)
FN:36,(anonymous_2)
FN:40,(anonymous_3)
FN:44,(anonymous_4)
FNF:5
FNH:0
FNDA:0,(anonymous_0)
FNDA:0,(anonymous_1)
FNDA:0,(anonymous_2)
FNDA:0,(anonymous_3)
FNDA:0,(anonymous_4)
DA:28,0
DA:29,0
DA:33,0
DA:37,0
DA:40,0
DA:41,0
DA:45,0
DA:46,0
DA:47,0
DA:50,0
DA:80,0
DA:84,0
LF:12
LH:0
BRDA:45,0,0,0
BRDA:45,0,1,0
BRDA:46,1,0,0
BRDA:46,1,1,0
BRDA:62,2,0,0
BRDA:62,2,1,0
BRDA:62,2,2,0
BRF:7
BRH:0
end_of_record
TN:
SF:src/components/Input.tsx
FN:30,Input
FN:64,(anonymous_1)
FN:65,(anonymous_2)
FN:73,(anonymous_3)
FNF:4
FNH:0
FNDA:0,Input
FNDA:0,(anonymous_1)
FNDA:0,(anonymous_2)
FNDA:0,(anonymous_3)
DA:40,0
DA:41,0
DA:43,0
DA:45,0
DA:64,0
DA:65,0
DA:73,0
DA:93,0
LF:8
LH:0
BRDA:35,0,0,0
BRDA:37,1,0,0
BRDA:47,2,0,0
BRDA:47,2,1,0
BRDA:48,3,0,0
BRDA:48,3,1,0
BRDA:50,4,0,0
BRDA:50,4,1,0
BRDA:56,5,0,0
BRDA:56,5,1,0
BRDA:57,6,0,0
BRDA:57,6,1,0
BRDA:60,7,0,0
BRDA:60,7,1,0
BRDA:62,8,0,0
BRDA:62,8,1,0
BRDA:66,9,0,0
BRDA:66,9,1,0
BRDA:67,10,0,0
BRDA:67,10,1,0
BRDA:71,11,0,0
BRDA:71,11,1,0
BRDA:76,12,0,0
BRDA:76,12,1,0
BRDA:80,13,0,0
BRDA:80,13,1,0
BRDA:87,14,0,0
BRDA:87,14,1,0
BRDA:88,15,0,0
BRDA:88,15,1,0
BRDA:88,15,2,0
BRF:31
BRH:0
end_of_record
TN:
SF:src/components/LoadingSpinner.tsx
FN:17,LoadingSpinner
FNF:1
FNH:0
FNDA:0,LoadingSpinner
DA:23,0
DA:24,0
DA:32,0
DA:40,0
LF:4
LH:0
BRDA:19,0,0,0
BRDA:20,1,0,0
BRDA:21,2,0,0
BRDA:23,3,0,0
BRDA:23,3,1,0
BRDA:27,4,0,0
BRDA:27,4,1,0
BRDA:35,5,0,0
BRDA:35,5,1,0
BRF:9
BRH:0
end_of_record
TN:
SF:src/components/StarRating.tsx
FN:16,StarRating
FN:24,(anonymous_1)
FN:28,(anonymous_2)
FNF:3
FNH:0
FNDA:0,StarRating
FNDA:0,(anonymous_1)
FNDA:0,(anonymous_2)
DA:22,0
DA:25,0
DA:28,0
DA:42,0
LF:4
LH:0
BRDA:19,0,0,0
BRDA:20,1,0,0
BRDA:29,2,0,0
BRDA:29,2,1,0
BRDA:32,3,0,0
BRDA:32,3,1,0
BRDA:34,4,0,0
BRDA:34,4,1,0
BRF:8
BRH:0
end_of_record
TN:
SF:src/components/StatusBadge.tsx
FN:16,StatusBadge
FN:35,(anonymous_1)
FNF:2
FNH:0
FNDA:0,StatusBadge
FNDA:0,(anonymous_1)
DA:22,0
DA:25,0
DA:27,0
DA:28,0
DA:30,0
DA:31,0
DA:33,0
DA:35,0
DA:38,0
LF:9
LH:0
BRDA:18,0,0,0
BRDA:19,1,0,0
BRDA:25,2,0,0
BRDA:25,2,1,0
BRDA:25,2,2,0
BRF:5
BRH:0
end_of_record
TN:
SF:src/components/index.ts
FNF:0
FNH:0
LF:0
LH:0
BRF:0
BRH:0
end_of_record
TN:
SF:src/hooks/index.ts
FNF:0
FNH:0
LF:0
LH:0
BRF:0
BRH:0
end_of_record
TN:
SF:src/hooks/useAuth.ts
FN:7,useCurrentUser
FN:8,(anonymous_1)
FN:12,useIsAuthenticated
FN:13,(anonymous_3)
FN:17,useUserRole
FN:18,(anonymous_5)
FN:22,useIsAuthInitialized
FN:23,(anonymous_7)
FN:27,useIsAuthLoading
FN:28,(anonymous_9)
FNF:10
FNH:10
FNDA:2,useCurrentUser
FNDA:2,(anonymous_1)
FNDA:2,useIsAuthenticated
FNDA:2,(anonymous_3)
FNDA:3,useUserRole
FNDA:3,(anonymous_5)
FNDA:2,useIsAuthInitialized
FNDA:2,(anonymous_7)
FNDA:2,useIsAuthLoading
FNDA:2,(anonymous_9)
DA:8,2
DA:13,2
DA:18,3
DA:23,2
DA:28,2
LF:5
LH:5
BRDA:18,0,0,3
BRDA:18,0,1,1
BRF:2
BRH:2
end_of_record
TN:
SF:src/hooks/useDashboard.ts
FN:8,useCarrierDashboard
FN:11,(anonymous_1)
FN:17,useShipperDashboard
FN:20,(anonymous_3)
FNF:4
FNH:4
FNDA:3,useCarrierDashboard
FNDA:1,(anonymous_1)
FNDA:3,useShipperDashboard
FNDA:1,(anonymous_3)
DA:9,3
DA:11,1
DA:18,3
DA:20,1
LF:4
LH:4
BRF:0
BRH:0
end_of_record
TN:
SF:src/hooks/useDisputes.ts
FN:10,useDisputes
FN:13,(anonymous_1)
FN:18,useDispute
FN:21,(anonymous_3)
FN:27,useCreateDispute
FN:30,(anonymous_5)
FN:32,(anonymous_6)
FNF:7
FNH:7
FNDA:3,useDisputes
FNDA:1,(anonymous_1)
FNDA:4,useDispute
FNDA:1,(anonymous_3)
FNDA:3,useCreateDispute
FNDA:1,(anonymous_5)
FNDA:2,(anonymous_6)
DA:7,2
DA:11,3
DA:13,1
DA:19,4
DA:21,1
DA:28,3
DA:29,3
DA:31,1
DA:33,2
DA:34,2
DA:35,2
LF:11
LH:11
BRF:0
BRH:0
end_of_record
TN:
SF:src/hooks/useDocuments.ts
FN:10,useDocuments
FN:16,(anonymous_1)
FN:26,useUploadDocument
FN:29,(anonymous_3)
FN:31,(anonymous_4)
FN:38,useDeleteDocument
FN:41,(anonymous_6)
FN:48,(anonymous_7)
FNF:8
FNH:8
FNDA:5,useDocuments
FNDA:1,(anonymous_1)
FNDA:2,useUploadDocument
FNDA:1,(anonymous_3)
FNDA:1,(anonymous_4)
FNDA:2,useDeleteDocument
FNDA:1,(anonymous_6)
FNDA:1,(anonymous_7)
DA:7,1
DA:14,5
DA:17,1
DA:27,2
DA:28,2
DA:30,1
DA:32,1
DA:39,2
DA:40,2
DA:47,1
DA:49,1
LF:11
LH:11
BRF:0
BRH:0
end_of_record
TN:
SF:src/hooks/useLoads.ts
FN:12,useLoads
FN:26,(anonymous_1)
FN:31,useLoad
FN:34,(anonymous_3)
FN:40,useCreateLoad
FN:43,(anonymous_5)
FN:45,(anonymous_6)
FN:52,useUpdateLoad
FN:55,(anonymous_8)
FN:57,(anonymous_9)
FN:64,useDeleteLoad
FN:67,(anonymous_11)
FN:68,(anonymous_12)
FN:75,useCreateLoadRequest
FN:78,(anonymous_14)
FN:80,(anonymous_15)
FN:88,useLoadRequests
FN:91,(anonymous_17)
FN:97,useRespondToLoadRequest
FN:100,(anonymous_19)
FN:109,(anonymous_20)
FN:122,useConfirmLoadRequest
FN:125,(anonymous_22)
FN:134,(anonymous_23)
FN:146,useReceivedLoadRequests
FN:152,(anonymous_25)
FN:157,useCancelLoadRequest
FN:160,(anonymous_27)
FN:161,(anonymous_28)
FN:169,useMyLoadRequests
FN:176,(anonymous_30)
FNF:31
FNH:27
FNDA:2,useLoads
FNDA:1,(anonymous_1)
FNDA:4,useLoad
FNDA:1,(anonymous_3)
FNDA:2,useCreateLoad
FNDA:1,(anonymous_5)
FNDA:1,(anonymous_6)
FNDA:2,useUpdateLoad
FNDA:1,(anonymous_8)
FNDA:1,(anonymous_9)
FNDA:2,useDeleteLoad
FNDA:1,(anonymous_11)
FNDA:1,(anonymous_12)
FNDA:3,useCreateLoadRequest
FNDA:1,(anonymous_14)
FNDA:2,(anonymous_15)
FNDA:3,useLoadRequests
FNDA:0,(anonymous_17)
FNDA:3,useRespondToLoadRequest
FNDA:1,(anonymous_19)
FNDA:2,(anonymous_20)
FNDA:0,useConfirmLoadRequest
FNDA:0,(anonymous_22)
FNDA:0,(anonymous_23)
FNDA:2,useReceivedLoadRequests
FNDA:1,(anonymous_25)
FNDA:3,useCancelLoadRequest
FNDA:1,(anonymous_27)
FNDA:2,(anonymous_28)
FNDA:2,useMyLoadRequests
FNDA:1,(anonymous_30)
DA:8,2
DA:9,2
DA:24,2
DA:26,1
DA:32,4
DA:34,1
DA:41,2
DA:42,2
DA:44,1
DA:46,1
DA:53,2
DA:54,2
DA:56,1
DA:58,1
DA:65,2
DA:66,2
DA:67,1
DA:69,1
DA:76,3
DA:77,3
DA:79,1
DA:81,2
DA:82,2
DA:89,3
DA:91,0
DA:98,3
DA:99,3
DA:108,1
DA:110,2
DA:111,2
DA:112,2
DA:113,2
DA:114,2
DA:115,2
DA:116,2
DA:123,0
DA:124,0
DA:133,0
DA:135,0
DA:136,0
DA:137,0
DA:138,0
DA:139,0
DA:140,0
DA:150,2
DA:152,1
DA:158,3
DA:159,3
DA:160,1
DA:162,2
DA:163,2
DA:174,2
DA:176,1
LF:53
LH:43
BRF:0
BRH:0
end_of_record
TN:
SF:src/hooks/useMatches.ts
FN:11,useMatchingTrucks
FN:17,(anonymous_1)
FN:23,useAssignTruck
FN:26,(anonymous_3)
FN:28,(anonymous_4)
FN:41,useMatchProposals
FN:47,(anonymous_6)
FN:52,useRespondToProposal
FN:55,(anonymous_8)
FN:64,(anonymous_9)
FNF:10
FNH:7
FNDA:5,useMatchingTrucks
FNDA:1,(anonymous_1)
FNDA:3,useAssignTruck
FNDA:1,(anonymous_3)
FNDA:2,(anonymous_4)
FNDA:0,useMatchProposals
FNDA:0,(anonymous_6)
FNDA:1,useRespondToProposal
FNDA:0,(anonymous_8)
FNDA:1,(anonymous_9)
DA:7,2
DA:8,2
DA:15,5
DA:17,1
DA:24,3
DA:25,3
DA:27,1
DA:29,2
DA:30,2
DA:31,2
DA:32,2
DA:33,2
DA:34,2
DA:35,2
DA:45,0
DA:47,0
DA:53,1
DA:54,1
DA:63,0
DA:65,1
DA:66,1
DA:67,1
DA:68,1
DA:69,1
DA:70,1
LF:25
LH:22
BRF:0
BRH:0
end_of_record
TN:
SF:src/hooks/useMessages.ts
FN:10,useTripMessages
FN:16,(anonymous_1)
FN:23,useSendMessage
FN:26,(anonymous_3)
FN:33,(anonymous_4)
FN:42,useMarkMessageRead
FN:45,(anonymous_6)
FN:52,(anonymous_7)
FN:64,useTripUnreadCount
FN:70,(anonymous_9)
FNF:10
FNH:10
FNDA:7,useTripMessages
FNDA:1,(anonymous_1)
FNDA:2,useSendMessage
FNDA:1,(anonymous_3)
FNDA:1,(anonymous_4)
FNDA:2,useMarkMessageRead
FNDA:1,(anonymous_6)
FNDA:1,(anonymous_7)
FNDA:6,useTripUnreadCount
FNDA:1,(anonymous_9)
DA:7,1
DA:14,7
DA:16,1
DA:24,2
DA:25,2
DA:32,1
DA:34,1
DA:43,2
DA:44,2
DA:51,1
DA:53,1
DA:56,1
DA:68,6
DA:70,1
LF:14
LH:14
BRDA:17,0,0,7
BRDA:17,0,1,6
BRDA:18,1,0,7
BRDA:18,1,1,6
BRDA:71,2,0,6
BRDA:71,2,1,5
BRF:6
BRH:6
end_of_record
TN:
SF:src/hooks/useNotifications.ts
FN:10,useNotifications
FN:13,(anonymous_1)
FN:19,useNotificationUnreadCount
FN:25,useMarkNotificationRead
FN:28,(anonymous_4)
FN:29,(anonymous_5)
FN:36,useMarkAllNotificationsRead
FN:39,(anonymous_7)
FN:40,(anonymous_8)
FN:51,useNotificationPreferences
FN:54,(anonymous_10)
FN:59,useUpdateNotificationPreferences
FN:62,(anonymous_12)
FN:64,(anonymous_13)
FNF:14
FNH:9
FNDA:6,useNotifications
FNDA:1,(anonymous_1)
FNDA:2,useNotificationUnreadCount
FNDA:2,useMarkNotificationRead
FNDA:1,(anonymous_4)
FNDA:1,(anonymous_5)
FNDA:2,useMarkAllNotificationsRead
FNDA:1,(anonymous_7)
FNDA:1,(anonymous_8)
FNDA:0,useNotificationPreferences
FNDA:0,(anonymous_10)
FNDA:0,useUpdateNotificationPreferences
FNDA:0,(anonymous_12)
FNDA:0,(anonymous_13)
DA:7,1
DA:11,6
DA:13,1
DA:20,2
DA:21,2
DA:26,2
DA:27,2
DA:28,1
DA:30,1
DA:37,2
DA:38,2
DA:39,1
DA:41,1
DA:48,1
DA:52,0
DA:54,0
DA:60,0
DA:61,0
DA:63,0
DA:65,0
LF:20
LH:14
BRDA:21,0,0,2
BRDA:21,0,1,2
BRF:2
BRH:2
end_of_record
TN:
SF:src/hooks/useOrganization.ts
FN:13,useOrganization
FN:16,(anonymous_1)
FN:22,useUpdateOrganization
FN:25,(anonymous_3)
FN:27,(anonymous_4)
FNF:5
FNH:5
FNDA:5,useOrganization
FNDA:1,(anonymous_1)
FNDA:3,useUpdateOrganization
FNDA:1,(anonymous_3)
FNDA:2,(anonymous_4)
DA:10,1
DA:14,5
DA:16,1
DA:23,3
DA:24,3
DA:26,1
DA:28,2
LF:7
LH:7
BRF:0
BRH:0
end_of_record
TN:
SF:src/hooks/useRatings.ts
FN:10,useTripRatings
FN:13,(anonymous_1)
FN:19,useSubmitRating
FN:22,(anonymous_3)
FN:29,(anonymous_4)
FN:39,useOrgRatings
FN:42,(anonymous_6)
FNF:7
FNH:7
FNDA:4,useTripRatings
FNDA:1,(anonymous_1)
FNDA:2,useSubmitRating
FNDA:1,(anonymous_3)
FNDA:1,(anonymous_4)
FNDA:4,useOrgRatings
FNDA:1,(anonymous_6)
DA:7,1
DA:11,4
DA:13,1
DA:20,2
DA:21,2
DA:28,1
DA:30,1
DA:33,1
DA:40,4
DA:42,1
LF:10
LH:10
BRF:0
BRH:0
end_of_record
TN:
SF:src/hooks/useSecurity.ts
FN:14,useChangePassword
FN:16,(anonymous_1)
FN:28,useEnableMfa
FN:30,(anonymous_3)
FN:34,useVerifyMfaSetup
FN:37,(anonymous_5)
FN:38,(anonymous_6)
FN:44,useDisableMfa
FN:47,(anonymous_8)
FN:48,(anonymous_9)
FN:55,useRecoveryCodesStatus
FN:58,(anonymous_11)
FN:62,useRegenerateRecoveryCodes
FN:65,(anonymous_13)
FN:67,(anonymous_14)
FN:75,useSessions
FN:78,(anonymous_16)
FN:82,useRevokeSession
FN:85,(anonymous_18)
FN:86,(anonymous_19)
FN:92,useRevokeAllSessions
FN:95,(anonymous_21)
FN:96,(anonymous_22)
FN:104,useSecurityEvents
FN:107,(anonymous_24)
FNF:25
FNH:25
FNDA:1,useChangePassword
FNDA:1,(anonymous_1)
FNDA:1,useEnableMfa
FNDA:1,(anonymous_3)
FNDA:2,useVerifyMfaSetup
FNDA:1,(anonymous_5)
FNDA:1,(anonymous_6)
FNDA:2,useDisableMfa
FNDA:1,(anonymous_8)
FNDA:1,(anonymous_9)
FNDA:2,useRecoveryCodesStatus
FNDA:1,(anonymous_11)
FNDA:2,useRegenerateRecoveryCodes
FNDA:1,(anonymous_13)
FNDA:1,(anonymous_14)
FNDA:2,useSessions
FNDA:1,(anonymous_16)
FNDA:2,useRevokeSession
FNDA:1,(anonymous_18)
FNDA:1,(anonymous_19)
FNDA:2,useRevokeAllSessions
FNDA:1,(anonymous_21)
FNDA:1,(anonymous_22)
FNDA:3,useSecurityEvents
FNDA:1,(anonymous_24)
DA:8,1
DA:9,1
DA:10,1
DA:15,1
DA:22,1
DA:29,1
DA:30,1
DA:35,2
DA:36,2
DA:37,1
DA:39,1
DA:45,2
DA:46,2
DA:47,1
DA:49,1
DA:50,1
DA:56,2
DA:58,1
DA:63,2
DA:64,2
DA:66,1
DA:68,1
DA:76,2
DA:78,1
DA:83,2
DA:84,2
DA:85,1
DA:87,1
DA:93,2
DA:94,2
DA:95,1
DA:97,1
DA:105,3
DA:107,1
LF:34
LH:34
BRDA:104,0,0,1
BRF:1
BRH:1
end_of_record
TN:
SF:src/hooks/useTeam.ts
FN:9,useTeamMembers
FN:12,(anonymous_1)
FN:17,useTeamInvitations
FN:20,(anonymous_3)
FN:25,useInviteMember
FN:28,(anonymous_5)
FN:35,(anonymous_6)
FN:41,useRemoveMember
FN:44,(anonymous_8)
FN:46,(anonymous_9)
FN:52,useCancelInvitation
FN:55,(anonymous_11)
FN:62,(anonymous_12)
FNF:13
FNH:13
FNDA:5,useTeamMembers
FNDA:1,(anonymous_1)
FNDA:4,useTeamInvitations
FNDA:1,(anonymous_3)
FNDA:2,useInviteMember
FNDA:1,(anonymous_5)
FNDA:1,(anonymous_6)
FNDA:2,useRemoveMember
FNDA:1,(anonymous_8)
FNDA:1,(anonymous_9)
FNDA:2,useCancelInvitation
FNDA:1,(anonymous_11)
FNDA:1,(anonymous_12)
DA:7,1
DA:10,5
DA:12,1
DA:18,4
DA:20,1
DA:26,2
DA:27,2
DA:34,1
DA:36,1
DA:42,2
DA:43,2
DA:45,1
DA:47,1
DA:53,2
DA:54,2
DA:61,1
DA:63,1
LF:17
LH:17
BRF:0
BRH:0
end_of_record
TN:
SF:src/hooks/useTracking.ts
FN:8,useLoadProgress
FN:11,(anonymous_1)
FN:18,useCarrierGPS
FN:21,(anonymous_3)
FNF:4
FNH:2
FNDA:5,useLoadProgress
FNDA:1,(anonymous_1)
FNDA:0,useCarrierGPS
FNDA:0,(anonymous_3)
DA:9,5
DA:11,1
DA:19,0
DA:21,0
LF:4
LH:2
BRF:0
BRH:0
end_of_record
TN:
SF:src/hooks/useTrips.ts
FN:10,useTrips
FN:20,(anonymous_1)
FN:28,useTrip
FN:31,(anonymous_3)
FN:37,useUpdateTripStatus
FN:40,(anonymous_5)
FN:53,(anonymous_6)
FN:65,useCancelTrip
FN:68,(anonymous_8)
FN:70,(anonymous_9)
FN:82,useUploadPod
FN:85,(anonymous_11)
FN:92,(anonymous_12)
FN:102,useTripPods
FN:105,(anonymous_14)
FN:111,useConfirmDelivery
FN:114,(anonymous_16)
FN:116,(anonymous_17)
FNF:18
FNH:18
FNDA:2,useTrips
FNDA:1,(anonymous_1)
FNDA:4,useTrip
FNDA:1,(anonymous_3)
FNDA:4,useUpdateTripStatus
FNDA:2,(anonymous_5)
FNDA:2,(anonymous_6)
FNDA:3,useCancelTrip
FNDA:1,(anonymous_8)
FNDA:2,(anonymous_9)
FNDA:3,useUploadPod
FNDA:1,(anonymous_11)
FNDA:2,(anonymous_12)
FNDA:4,useTripPods
FNDA:1,(anonymous_14)
FNDA:4,useConfirmDelivery
FNDA:2,(anonymous_16)
FNDA:2,(anonymous_17)
DA:7,2
DA:18,2
DA:20,1
DA:29,4
DA:31,1
DA:38,4
DA:39,4
DA:52,2
DA:54,2
DA:55,2
DA:56,2
DA:57,2
DA:58,2
DA:59,2
DA:66,3
DA:67,3
DA:69,1
DA:71,2
DA:72,2
DA:73,2
DA:74,2
DA:75,2
DA:76,2
DA:83,3
DA:84,3
DA:91,1
DA:93,2
DA:94,2
DA:95,2
DA:96,2
DA:103,4
DA:105,1
DA:112,4
DA:113,4
DA:115,2
DA:117,2
DA:118,2
DA:119,2
DA:120,2
DA:121,2
LF:40
LH:40
BRDA:21,0,0,2
BRDA:21,0,1,0
BRF:2
BRH:1
end_of_record
TN:
SF:src/hooks/useTrucks.ts
FN:12,useTrucks
FN:20,(anonymous_1)
FN:25,useTruck
FN:28,(anonymous_3)
FN:34,useCreateTruck
FN:37,(anonymous_5)
FN:39,(anonymous_6)
FN:46,useUpdateTruck
FN:49,(anonymous_8)
FN:51,(anonymous_9)
FN:58,useDeleteTruck
FN:61,(anonymous_11)
FN:62,(anonymous_12)
FN:71,useTruckPostings
FN:84,(anonymous_14)
FN:89,useTruckPosting
FN:92,(anonymous_16)
FN:98,useCreateTruckPosting
FN:101,(anonymous_18)
FN:103,(anonymous_19)
FN:110,useCreateTruckRequest
FN:113,(anonymous_21)
FN:115,(anonymous_22)
FN:123,useMyTruckRequests
FN:130,(anonymous_24)
FN:135,useTruckRequest
FN:138,(anonymous_26)
FN:144,useCancelTruckRequest
FN:147,(anonymous_28)
FN:148,(anonymous_29)
FN:156,useReceivedTruckRequests
FN:162,(anonymous_31)
FN:167,useRespondToTruckRequest
FN:170,(anonymous_33)
FN:179,(anonymous_34)
FN:191,useMyTruckPostings
FN:199,(anonymous_36)
FN:205,useUpdateTruckPosting
FN:208,(anonymous_38)
FN:210,(anonymous_39)
FN:217,useCancelTruckPosting
FN:220,(anonymous_41)
FN:221,(anonymous_42)
FN:230,useMatchingLoadsForPosting
FN:236,(anonymous_44)
FN:242,useDuplicateTruckPosting
FN:245,(anonymous_46)
FN:246,(anonymous_47)
FNF:48
FNH:46
FNDA:2,useTrucks
FNDA:1,(anonymous_1)
FNDA:4,useTruck
FNDA:1,(anonymous_3)
FNDA:2,useCreateTruck
FNDA:1,(anonymous_5)
FNDA:1,(anonymous_6)
FNDA:2,useUpdateTruck
FNDA:1,(anonymous_8)
FNDA:1,(anonymous_9)
FNDA:3,useDeleteTruck
FNDA:1,(anonymous_11)
FNDA:2,(anonymous_12)
FNDA:2,useTruckPostings
FNDA:1,(anonymous_14)
FNDA:4,useTruckPosting
FNDA:1,(anonymous_16)
FNDA:2,useCreateTruckPosting
FNDA:1,(anonymous_18)
FNDA:1,(anonymous_19)
FNDA:3,useCreateTruckRequest
FNDA:1,(anonymous_21)
FNDA:2,(anonymous_22)
FNDA:2,useMyTruckRequests
FNDA:1,(anonymous_24)
FNDA:0,useTruckRequest
FNDA:0,(anonymous_26)
FNDA:3,useCancelTruckRequest
FNDA:1,(anonymous_28)
FNDA:2,(anonymous_29)
FNDA:2,useReceivedTruckRequests
FNDA:1,(anonymous_31)
FNDA:3,useRespondToTruckRequest
FNDA:1,(anonymous_33)
FNDA:2,(anonymous_34)
FNDA:4,useMyTruckPostings
FNDA:1,(anonymous_36)
FNDA:2,useUpdateTruckPosting
FNDA:1,(anonymous_38)
FNDA:1,(anonymous_39)
FNDA:3,useCancelTruckPosting
FNDA:1,(anonymous_41)
FNDA:2,(anonymous_42)
FNDA:4,useMatchingLoadsForPosting
FNDA:1,(anonymous_44)
FNDA:2,useDuplicateTruckPosting
FNDA:1,(anonymous_46)
FNDA:1,(anonymous_47)
DA:8,2
DA:9,2
DA:18,2
DA:20,1
DA:26,4
DA:28,1
DA:35,2
DA:36,2
DA:38,1
DA:40,1
DA:47,2
DA:48,2
DA:50,1
DA:52,1
DA:59,3
DA:60,3
DA:61,1
DA:63,2
DA:64,2
DA:65,2
DA:82,2
DA:84,1
DA:90,4
DA:92,1
DA:99,2
DA:100,2
DA:102,1
DA:104,1
DA:111,3
DA:112,3
DA:114,1
DA:116,2
DA:117,2
DA:128,2
DA:130,1
DA:136,0
DA:138,0
DA:145,3
DA:146,3
DA:147,1
DA:149,2
DA:150,2
DA:160,2
DA:162,1
DA:168,3
DA:169,3
DA:178,1
DA:180,2
DA:181,2
DA:182,2
DA:183,2
DA:184,2
DA:185,2
DA:197,4
DA:199,1
DA:206,2
DA:207,2
DA:209,1
DA:211,1
DA:218,3
DA:219,3
DA:220,1
DA:222,2
DA:223,2
DA:224,2
DA:234,4
DA:236,1
DA:243,2
DA:244,2
DA:245,1
DA:247,1
LF:71
LH:69
BRF:0
BRH:0
end_of_record
TN:
SF:src/hooks/useVerificationStatus.ts
FN:44,useVerificationStatus
FN:47,(anonymous_1)
FNF:2
FNH:0
FNDA:0,useVerificationStatus
FNDA:0,(anonymous_1)
DA:45,0
DA:48,0
DA:49,0
LF:3
LH:0
BRF:0
BRH:0
end_of_record
TN:
SF:src/hooks/useWallet.ts
FN:10,useWalletBalance
FN:13,(anonymous_1)
FN:18,useWalletTransactions
FN:25,(anonymous_3)
FNF:4
FNH:4
FNDA:3,useWalletBalance
FNDA:1,(anonymous_1)
FNDA:3,useWalletTransactions
FNDA:1,(anonymous_3)
DA:7,1
DA:11,3
DA:13,1
DA:23,3
DA:25,1
LF:5
LH:5
BRF:0
BRH:0
end_of_record
TN:
SF:src/services/auth.ts
FN:15,(anonymous_0)
FN:50,(anonymous_1)
FN:64,(anonymous_2)
FN:78,(anonymous_3)
FN:90,(anonymous_4)
FN:99,(anonymous_5)
FN:108,(anonymous_6)
FN:125,(anonymous_7)
FN:140,(anonymous_8)
FNF:9
FNH:9
FNDA:4,(anonymous_0)
FNDA:1,(anonymous_1)
FNDA:1,(anonymous_2)
FNDA:2,(anonymous_3)
FNDA:2,(anonymous_4)
FNDA:1,(anonymous_5)
FNDA:3,(anonymous_6)
FNDA:1,(anonymous_7)
FNDA:5,(anonymous_8)
DA:16,4
DA:17,4
DA:18,2
DA:21,2
DA:22,1
DA:39,1
DA:45,2
DA:51,1
DA:52,1
DA:53,1
DA:59,0
DA:65,1
DA:66,1
DA:67,1
DA:73,0
DA:79,2
DA:80,2
DA:81,2
DA:85,0
DA:91,2
DA:92,2
DA:100,1
DA:101,1
DA:103,0
DA:113,3
DA:114,3
DA:120,1
DA:129,1
DA:130,1
DA:135,0
DA:145,5
DA:146,5
DA:147,4
DA:149,1
DA:154,2
LF:35
LH:30
BRDA:21,0,0,1
BRDA:21,0,1,1
BRDA:82,1,0,2
BRDA:82,1,1,1
BRDA:147,2,0,4
BRDA:147,2,1,1
BRF:6
BRH:6
end_of_record
TN:
SF:src/services/dashboard.ts
FN:9,(anonymous_0)
FN:19,(anonymous_1)
FNF:2
FNH:2
FNDA:13,(anonymous_0)
FNDA:13,(anonymous_1)
DA:10,13
DA:11,13
DA:12,10
DA:14,3
DA:20,13
DA:21,13
DA:22,10
DA:24,3
DA:29,2
LF:9
LH:9
BRF:0
BRH:0
end_of_record
TN:
SF:src/services/dispute.ts
FN:9,(anonymous_0)
FN:22,(anonymous_1)
FN:32,(anonymous_2)
FNF:3
FNH:3
FNDA:4,(anonymous_0)
FNDA:4,(anonymous_1)
FNDA:4,(anonymous_2)
DA:13,4
DA:14,4
DA:15,3
DA:17,1
DA:23,4
DA:24,4
DA:25,3
DA:27,1
DA:38,4
DA:39,4
DA:40,3
DA:42,1
DA:47,1
LF:13
LH:13
BRDA:25,0,0,3
BRDA:25,0,1,1
BRDA:40,1,0,3
BRDA:40,1,1,1
BRF:4
BRH:4
end_of_record
TN:
SF:src/services/document.ts
FN:33,(anonymous_0)
FN:48,(anonymous_1)
FN:62,(anonymous_2)
FNF:3
FNH:3
FNDA:3,(anonymous_0)
FNDA:4,(anonymous_1)
FNDA:3,(anonymous_2)
DA:39,3
DA:40,3
DA:41,2
DA:43,1
DA:51,4
DA:52,4
DA:55,3
DA:57,1
DA:66,3
DA:67,3
DA:71,1
DA:76,1
LF:12
LH:12
BRF:0
BRH:0
end_of_record
TN:
SF:src/services/gps-queue.ts
FN:21,getStorage
FN:27,(anonymous_1)
FN:29,(anonymous_2)
FN:31,(anonymous_3)
FN:32,(anonymous_4)
FN:45,(anonymous_5)
FN:46,(anonymous_6)
FN:47,(anonymous_7)
FN:50,(anonymous_8)
FN:74,(anonymous_9)
FN:82,(anonymous_10)
FN:88,(anonymous_11)
FN:133,(anonymous_12)
FN:158,(anonymous_13)
FNF:14
FNH:10
FNDA:52,getStorage
FNDA:17,(anonymous_1)
FNDA:8,(anonymous_2)
FNDA:16,(anonymous_3)
FNDA:52,(anonymous_4)
FNDA:0,(anonymous_5)
FNDA:0,(anonymous_6)
FNDA:0,(anonymous_7)
FNDA:0,(anonymous_8)
FNDA:17,(anonymous_9)
FNDA:12,(anonymous_10)
FNDA:5,(anonymous_11)
FNDA:17,(anonymous_12)
FNDA:1,(anonymous_13)
DA:19,1
DA:22,52
DA:24,1
DA:26,1
DA:28,17
DA:30,8
DA:31,16
DA:33,52
DA:34,52
DA:35,3091
DA:36,3091
DA:38,52
DA:42,0
DA:43,0
DA:44,0
DA:45,0
DA:46,0
DA:48,0
DA:50,0
DA:54,1
DA:68,1
DA:69,1
DA:70,1
DA:75,17
DA:76,17
DA:77,17
DA:78,17
DA:83,12
DA:84,12
DA:89,5
DA:90,5
DA:92,5
DA:94,4
DA:95,4
DA:98,4
DA:99,4
DA:100,4
DA:102,4
DA:103,8
DA:104,8
DA:105,8
DA:106,8
DA:108,1
DA:113,4
DA:114,4
DA:115,4
DA:119,3
DA:120,6
DA:122,3
DA:124,1
DA:129,4
DA:134,17
DA:135,17
DA:138,17
DA:139,17
DA:140,1033
DA:141,1033
DA:142,1
DA:147,17
DA:148,17
DA:149,1
DA:150,1
DA:151,1
DA:152,5
DA:159,1
DA:160,1
DA:161,3
DA:166,1
LF:68
LH:61
BRDA:22,0,0,51
BRDA:22,0,1,1
BRDA:24,1,0,1
BRDA:24,1,1,0
BRDA:30,2,0,8
BRDA:30,2,1,0
BRDA:36,3,0,3091
BRDA:36,3,1,0
BRDA:92,4,0,1
BRDA:92,4,1,4
BRDA:104,5,0,8
BRDA:104,5,1,0
BRDA:113,6,0,4
BRDA:113,6,1,0
BRDA:140,7,0,1033
BRDA:140,7,1,0
BRDA:141,8,0,1
BRDA:141,8,1,1032
BRDA:148,9,0,1
BRDA:148,9,1,16
BRF:20
BRH:14
end_of_record
TN:
SF:src/services/index.ts
FNF:0
FNH:0
LF:0
LH:0
BRF:0
BRH:0
end_of_record
TN:
SF:src/services/load.ts
FN:15,(anonymous_0)
FN:36,(anonymous_1)
FN:46,(anonymous_2)
FN:84,(anonymous_3)
FN:94,(anonymous_4)
FN:103,(anonymous_5)
FN:117,(anonymous_6)
FN:132,(anonymous_7)
FN:149,(anonymous_8)
FN:170,(anonymous_9)
FN:187,(anonymous_10)
FN:198,(anonymous_11)
FN:214,(anonymous_12)
FNF:13
FNH:12
FNDA:6,(anonymous_0)
FNDA:5,(anonymous_1)
FNDA:2,(anonymous_2)
FNDA:3,(anonymous_3)
FNDA:2,(anonymous_4)
FNDA:3,(anonymous_5)
FNDA:4,(anonymous_6)
FNDA:3,(anonymous_7)
FNDA:9,(anonymous_8)
FNDA:0,(anonymous_9)
FNDA:2,(anonymous_10)
FNDA:3,(anonymous_11)
FNDA:3,(anonymous_12)
DA:27,6
DA:28,6
DA:29,6
DA:31,0
DA:37,5
DA:38,5
DA:39,3
DA:41,2
DA:74,2
DA:75,2
DA:77,2
DA:79,0
DA:85,3
DA:86,3
DA:87,1
DA:89,2
DA:95,2
DA:96,2
DA:98,1
DA:104,3
DA:105,3
DA:108,2
DA:110,1
DA:123,4
DA:124,4
DA:125,4
DA:127,0
DA:135,3
DA:136,3
DA:139,3
DA:144,0
DA:154,9
DA:155,9
DA:156,9
DA:163,7
DA:165,2
DA:175,0
DA:176,0
DA:180,0
DA:182,0
DA:188,2
DA:189,2
DA:193,1
DA:202,3
DA:203,3
DA:204,3
DA:209,0
DA:219,3
DA:220,3
DA:223,3
DA:228,0
DA:233,3
LF:52
LH:42
BRDA:39,0,0,3
BRDA:39,0,1,2
BRDA:77,1,0,2
BRDA:77,1,1,0
BRDA:87,2,0,1
BRDA:87,2,1,0
BRDA:108,3,0,2
BRDA:108,3,1,1
BRDA:125,4,0,4
BRDA:125,4,1,0
BRDA:140,5,0,3
BRDA:140,5,1,2
BRDA:140,5,2,1
BRDA:155,6,0,5
BRDA:155,6,1,4
BRDA:163,7,0,7
BRDA:163,7,1,2
BRDA:180,8,0,0
BRDA:180,8,1,0
BRDA:205,9,0,3
BRDA:205,9,1,1
BRDA:224,10,0,3
BRDA:224,10,1,2
BRDA:224,10,2,1
BRF:24
BRH:19
end_of_record
TN:
SF:src/services/match.ts
FN:53,(anonymous_0)
FN:69,(anonymous_1)
FN:84,(anonymous_2)
FN:98,(anonymous_3)
FNF:4
FNH:2
FNDA:5,(anonymous_0)
FNDA:3,(anonymous_1)
FNDA:0,(anonymous_2)
FNDA:0,(anonymous_3)
DA:57,5
DA:58,5
DA:62,4
DA:64,1
DA:73,3
DA:74,3
DA:77,2
DA:79,1
DA:89,0
DA:90,0
DA:91,0
DA:93,0
DA:103,0
DA:104,0
DA:108,0
DA:110,0
DA:155,1
LF:17
LH:9
BRF:0
BRH:0
end_of_record
TN:
SF:src/services/messaging.ts
FN:27,(anonymous_0)
FN:45,(anonymous_1)
FN:62,(anonymous_2)
FN:73,(anonymous_3)
FNF:4
FNH:4
FNDA:4,(anonymous_0)
FNDA:3,(anonymous_1)
FNDA:2,(anonymous_2)
FNDA:3,(anonymous_3)
DA:31,4
DA:32,4
DA:36,3
DA:38,1
DA:49,3
DA:50,3
DA:53,2
DA:55,1
DA:63,2
DA:64,2
DA:66,1
DA:74,3
DA:75,3
DA:78,2
DA:80,1
DA:85,1
LF:16
LH:16
BRDA:36,0,0,3
BRDA:36,0,1,2
BRDA:78,1,0,2
BRDA:78,1,1,1
BRF:4
BRH:4
end_of_record
TN:
SF:src/services/notification.ts
FN:10,(anonymous_0)
FN:24,(anonymous_1)
FN:33,(anonymous_2)
FN:42,(anonymous_3)
FN:54,(anonymous_4)
FNF:5
FNH:3
FNDA:6,(anonymous_0)
FNDA:4,(anonymous_1)
FNDA:2,(anonymous_2)
FNDA:0,(anonymous_3)
FNDA:0,(anonymous_4)
DA:15,6
DA:16,6
DA:17,5
DA:19,1
DA:25,4
DA:26,4
DA:28,2
DA:34,2
DA:35,2
DA:37,1
DA:43,0
DA:44,0
DA:47,0
DA:49,0
DA:55,0
DA:56,0
DA:60,0
DA:65,2
LF:18
LH:11
BRDA:47,0,0,0
BRDA:47,0,1,0
BRF:2
BRH:0
end_of_record
TN:
SF:src/services/organization.ts
FN:45,(anonymous_0)
FN:55,(anonymous_1)
FN:68,(anonymous_2)
FN:88,(anonymous_3)
FN:108,(anonymous_4)
FN:124,(anonymous_5)
FN:133,(anonymous_6)
FNF:7
FNH:7
FNDA:4,(anonymous_0)
FNDA:3,(anonymous_1)
FNDA:4,(anonymous_2)
FNDA:4,(anonymous_3)
FNDA:3,(anonymous_4)
FNDA:2,(anonymous_5)
FNDA:2,(anonymous_6)
DA:46,4
DA:47,4
DA:48,3
DA:50,1
DA:59,3
DA:60,3
DA:61,2
DA:63,1
DA:78,4
DA:79,4
DA:80,3
DA:81,3
DA:83,1
DA:99,4
DA:100,4
DA:101,3
DA:103,1
DA:112,3
DA:113,3
DA:117,2
DA:119,1
DA:125,2
DA:126,2
DA:128,1
DA:134,2
DA:135,2
DA:137,1
DA:142,1
LF:28
LH:28
BRDA:48,0,0,3
BRDA:48,0,1,1
BRDA:61,1,0,2
BRDA:61,1,1,1
BRDA:80,2,0,3
BRDA:80,2,1,1
BRDA:81,3,0,3
BRDA:81,3,1,1
BRDA:101,4,0,3
BRDA:101,4,1,2
BRDA:101,4,2,0
BRF:11
BRH:10
end_of_record
TN:
SF:src/services/push.ts
FN:22,(anonymous_0)
FN:34,(anonymous_1)
FN:68,(anonymous_2)
FN:80,(anonymous_3)
FN:89,(anonymous_4)
FN:90,(anonymous_5)
FN:95,(anonymous_6)
FN:96,(anonymous_7)
FN:101,(anonymous_8)
FN:107,(anonymous_9)
FNF:10
FNH:9
FNDA:0,(anonymous_0)
FNDA:1,(anonymous_1)
FNDA:2,(anonymous_2)
FNDA:2,(anonymous_3)
FNDA:1,(anonymous_4)
FNDA:1,(anonymous_5)
FNDA:1,(anonymous_6)
FNDA:1,(anonymous_7)
FNDA:1,(anonymous_8)
FNDA:1,(anonymous_9)
DA:11,3
DA:12,3
DA:14,3
DA:16,0
DA:18,0
DA:21,0
DA:22,0
DA:35,1
DA:39,0
DA:40,0
DA:42,0
DA:43,0
DA:44,0
DA:47,0
DA:48,0
DA:52,0
DA:53,0
DA:56,0
DA:59,0
DA:61,0
DA:63,0
DA:69,2
DA:70,2
DA:75,1
DA:81,2
DA:82,2
DA:90,1
DA:91,0
DA:96,1
DA:97,0
DA:102,1
DA:103,0
DA:108,1
DA:109,0
DA:113,3
LF:35
LH:14
BRDA:14,0,0,0
BRDA:14,0,1,3
BRDA:35,1,0,1
BRDA:35,1,1,0
BRDA:35,2,0,1
BRDA:35,2,1,0
BRDA:42,3,0,0
BRDA:42,3,1,0
BRDA:47,4,0,0
BRDA:47,4,1,0
BRDA:90,5,0,1
BRDA:90,5,1,0
BRDA:96,6,0,1
BRDA:96,6,1,0
BRDA:102,7,0,1
BRDA:102,7,1,0
BRDA:108,8,0,1
BRDA:108,8,1,0
BRF:18
BRH:7
end_of_record
TN:
SF:src/services/rating.ts
FN:19,(anonymous_0)
FN:31,(anonymous_1)
FN:42,(anonymous_2)
FNF:3
FNH:3
FNDA:3,(anonymous_0)
FNDA:3,(anonymous_1)
FNDA:3,(anonymous_2)
DA:23,3
DA:24,3
DA:25,2
DA:27,1
DA:34,3
DA:35,3
DA:36,2
DA:38,1
DA:51,3
DA:52,3
DA:56,2
DA:58,1
DA:63,1
LF:13
LH:13
BRDA:25,0,0,2
BRDA:25,0,1,1
BRF:2
BRH:2
end_of_record
TN:
SF:src/services/security.ts
FN:43,(anonymous_0)
FN:54,(anonymous_1)
FN:65,(anonymous_2)
FN:76,(anonymous_3)
FN:85,(anonymous_4)
FN:100,(anonymous_5)
FN:109,(anonymous_6)
FN:117,(anonymous_7)
FN:128,(anonymous_8)
FNF:9
FNH:9
FNDA:2,(anonymous_0)
FNDA:2,(anonymous_1)
FNDA:2,(anonymous_2)
FNDA:2,(anonymous_3)
FNDA:2,(anonymous_4)
FNDA:2,(anonymous_5)
FNDA:2,(anonymous_6)
FNDA:2,(anonymous_7)
FNDA:3,(anonymous_8)
DA:46,2
DA:47,2
DA:48,1
DA:50,1
DA:57,2
DA:58,2
DA:59,1
DA:61,1
DA:66,2
DA:67,2
DA:70,1
DA:72,1
DA:77,2
DA:78,2
DA:79,1
DA:81,1
DA:88,2
DA:89,2
DA:92,1
DA:94,1
DA:101,2
DA:102,2
DA:103,1
DA:105,1
DA:110,2
DA:111,2
DA:113,1
DA:118,2
DA:119,2
DA:120,1
DA:122,1
DA:131,3
DA:132,3
DA:135,2
DA:137,1
DA:142,1
LF:36
LH:36
BRDA:129,0,0,2
BRF:1
BRH:1
end_of_record
TN:
SF:src/services/tracking.ts
FN:43,(anonymous_0)
FN:53,(anonymous_1)
FNF:2
FNH:1
FNDA:3,(anonymous_0)
FNDA:0,(anonymous_1)
DA:44,3
DA:45,3
DA:46,2
DA:48,1
DA:54,0
DA:55,0
DA:56,0
DA:58,0
DA:63,1
LF:9
LH:5
BRF:0
BRH:0
end_of_record
TN:
SF:src/services/trip.ts
FN:10,(anonymous_0)
FN:24,(anonymous_1)
FN:34,(anonymous_2)
FN:55,(anonymous_3)
FN:67,(anonymous_4)
FN:83,(anonymous_5)
FN:93,(anonymous_6)
FNF:7
FNH:7
FNDA:5,(anonymous_0)
FNDA:4,(anonymous_1)
FNDA:6,(anonymous_2)
FNDA:1,(anonymous_3)
FNDA:2,(anonymous_4)
FNDA:1,(anonymous_5)
FNDA:2,(anonymous_6)
DA:15,5
DA:16,5
DA:17,5
DA:19,0
DA:25,4
DA:26,4
DA:27,3
DA:29,1
DA:43,6
DA:44,6
DA:48,5
DA:50,1
DA:56,1
DA:57,1
DA:60,1
DA:62,0
DA:68,2
DA:69,2
DA:76,2
DA:78,0
DA:84,1
DA:85,1
DA:86,1
DA:88,0
DA:94,2
DA:95,2
DA:98,1
DA:100,1
DA:105,2
LF:29
LH:25
BRDA:27,0,0,3
BRDA:27,0,1,2
BRDA:48,1,0,5
BRDA:48,1,1,2
BRDA:60,2,0,1
BRDA:60,2,1,0
BRDA:76,3,0,2
BRDA:76,3,1,0
BRDA:86,4,0,1
BRDA:86,4,1,0
BRDA:96,5,0,1
BRDA:96,5,1,1
BRDA:98,6,0,1
BRDA:98,6,1,0
BRF:14
BRH:10
end_of_record
TN:
SF:src/services/truck.ts
FN:17,(anonymous_0)
FN:32,(anonymous_1)
FN:43,(anonymous_2)
FN:64,(anonymous_3)
FN:74,(anonymous_4)
FN:85,(anonymous_5)
FN:121,(anonymous_6)
FN:131,(anonymous_7)
FN:156,(anonymous_8)
FN:169,(anonymous_9)
FN:182,(anonymous_10)
FN:197,(anonymous_11)
FN:211,(anonymous_12)
FN:220,(anonymous_13)
FN:257,(anonymous_14)
FN:272,(anonymous_15)
FN:293,(anonymous_16)
FN:319,(anonymous_17)
FN:338,(anonymous_18)
FNF:19
FNH:18
FNDA:6,(anonymous_0)
FNDA:5,(anonymous_1)
FNDA:1,(anonymous_2)
FNDA:2,(anonymous_3)
FNDA:2,(anonymous_4)
FNDA:8,(anonymous_5)
FNDA:3,(anonymous_6)
FNDA:2,(anonymous_7)
FNDA:3,(anonymous_8)
FNDA:3,(anonymous_9)
FNDA:3,(anonymous_10)
FNDA:3,(anonymous_11)
FNDA:2,(anonymous_12)
FNDA:0,(anonymous_13)
FNDA:3,(anonymous_14)
FNDA:4,(anonymous_15)
FNDA:1,(anonymous_16)
FNDA:2,(anonymous_17)
FNDA:3,(anonymous_18)
DA:23,6
DA:24,6
DA:25,5
DA:27,1
DA:33,5
DA:34,5
DA:36,3
DA:38,2
DA:54,1
DA:55,1
DA:57,1
DA:59,0
DA:65,2
DA:66,2
DA:67,1
DA:69,1
DA:75,2
DA:76,2
DA:78,0
DA:96,8
DA:97,8
DA:98,8
DA:99,8
DA:102,8
DA:104,8
DA:105,8
DA:106,8
DA:116,0
DA:122,3
DA:123,3
DA:124,2
DA:126,1
DA:147,2
DA:148,2
DA:149,2
DA:151,0
DA:160,3
DA:161,3
DA:162,1
DA:164,2
DA:170,3
DA:171,3
DA:175,2
DA:188,3
DA:189,3
DA:190,2
DA:192,1
DA:202,3
DA:203,3
DA:204,2
DA:206,1
DA:212,2
DA:213,2
DA:215,1
DA:248,0
DA:249,0
DA:250,0
DA:252,0
DA:261,3
DA:262,3
DA:265,2
DA:267,1
DA:277,4
DA:278,4
DA:279,4
DA:286,3
DA:288,1
DA:299,1
DA:300,1
DA:303,1
DA:304,1
DA:314,0
DA:323,2
DA:324,2
DA:328,2
DA:333,0
DA:339,3
DA:340,3
DA:343,2
DA:345,1
DA:350,3
LF:81
LH:71
BRDA:36,0,0,3
BRDA:36,0,1,2
BRDA:57,1,0,1
BRDA:57,1,1,0
BRDA:67,2,0,1
BRDA:67,2,1,1
BRDA:97,3,0,6
BRDA:97,4,0,8
BRDA:97,4,1,2
BRDA:98,5,0,1
BRDA:98,5,1,7
BRDA:98,6,0,8
BRDA:98,6,1,3
BRDA:104,7,0,8
BRDA:104,7,1,1
BRDA:104,7,2,0
BRDA:105,8,0,8
BRDA:105,8,1,0
BRDA:109,9,0,8
BRDA:109,9,1,5
BRDA:124,10,0,2
BRDA:124,10,1,1
BRDA:149,11,0,2
BRDA:149,11,1,2
BRDA:162,12,0,1
BRDA:162,12,1,0
BRDA:278,13,0,3
BRDA:278,13,1,1
BRDA:305,14,0,1
BRDA:305,14,1,0
BRDA:305,14,2,0
BRDA:306,15,0,1
BRDA:306,15,1,0
BRDA:307,16,0,0
BRDA:307,16,1,0
BRDA:308,17,0,0
BRDA:308,17,1,0
BRDA:309,18,0,0
BRDA:309,18,1,0
BRDA:329,19,0,2
BRDA:329,19,1,1
BRDA:330,20,0,2
BRDA:330,20,1,1
BRDA:330,20,2,1
BRDA:343,21,0,2
BRDA:343,21,1,1
BRF:46
BRH:33
end_of_record
TN:
SF:src/services/wallet.ts
FN:41,(anonymous_0)
FN:51,(anonymous_1)
FN:67,(anonymous_2)
FN:83,(anonymous_3)
FNF:4
FNH:2
FNDA:7,(anonymous_0)
FNDA:6,(anonymous_1)
FNDA:0,(anonymous_2)
FNDA:0,(anonymous_3)
DA:42,7
DA:43,7
DA:44,4
DA:46,3
DA:56,6
DA:57,6
DA:60,5
DA:62,1
DA:74,0
DA:75,0
DA:76,0
DA:78,0
DA:91,0
DA:92,0
DA:93,0
DA:95,0
DA:113,2
LF:17
LH:9
BRF:0
BRH:0
end_of_record
TN:
SF:src/stores/auth.ts
FN:77,(anonymous_0)
FN:79,(anonymous_1)
FN:95,(anonymous_2)
FN:100,(anonymous_3)
FN:118,(anonymous_4)
FN:130,(anonymous_5)
FN:171,(anonymous_6)
FN:206,(anonymous_7)
FN:231,(anonymous_8)
FN:254,(anonymous_9)
FN:275,(anonymous_10)
FN:285,(anonymous_11)
FN:286,(anonymous_12)
FN:287,(anonymous_13)
FN:288,(anonymous_14)
FNF:15
FNH:5
FNDA:1,(anonymous_0)
FNDA:0,(anonymous_1)
FNDA:0,(anonymous_2)
FNDA:0,(anonymous_3)
FNDA:0,(anonymous_4)
FNDA:5,(anonymous_5)
FNDA:1,(anonymous_6)
FNDA:0,(anonymous_7)
FNDA:0,(anonymous_8)
FNDA:1,(anonymous_9)
FNDA:0,(anonymous_10)
FNDA:1,(anonymous_11)
FNDA:0,(anonymous_12)
FNDA:0,(anonymous_13)
FNDA:0,(anonymous_14)
DA:77,1
DA:79,1
DA:80,0
DA:95,1
DA:96,0
DA:100,1
DA:101,0
DA:104,1
DA:119,0
DA:120,0
DA:121,0
DA:122,0
DA:123,0
DA:126,0
DA:131,5
DA:132,5
DA:133,5
DA:135,4
DA:136,1
DA:137,1
DA:146,1
DA:150,3
DA:151,3
DA:159,3
DA:160,3
DA:163,1
DA:166,1
DA:167,1
DA:172,1
DA:173,1
DA:175,1
DA:176,1
DA:177,1
DA:179,1
DA:180,1
DA:188,1
DA:200,0
DA:201,0
DA:202,0
DA:207,0
DA:208,0
DA:209,0
DA:211,0
DA:212,0
DA:213,0
DA:214,0
DA:215,0
DA:216,0
DA:225,0
DA:226,0
DA:227,0
DA:232,0
DA:233,0
DA:234,0
DA:236,0
DA:237,0
DA:245,0
DA:248,0
DA:249,0
DA:250,0
DA:255,1
DA:256,1
DA:257,1
DA:261,1
DA:262,1
DA:276,0
DA:277,0
DA:278,0
DA:280,0
DA:281,0
DA:285,1
DA:286,0
DA:287,0
DA:289,0
LF:74
LH:33
BRDA:119,0,0,0
BRDA:119,0,1,0
BRDA:135,1,0,1
BRDA:135,1,1,3
BRDA:136,2,0,1
BRDA:136,2,1,1
BRDA:140,3,0,1
BRDA:140,3,1,0
BRDA:141,4,0,1
BRDA:141,4,1,1
BRDA:150,5,0,3
BRDA:150,5,1,0
BRDA:163,6,0,1
BRDA:163,6,1,0
BRDA:173,7,0,0
BRDA:173,7,1,1
BRDA:179,8,0,1
BRDA:179,8,1,0
BRDA:200,9,0,0
BRDA:200,9,1,0
BRDA:209,10,0,0
BRDA:209,10,1,0
BRDA:209,11,0,0
BRDA:209,11,1,0
BRDA:214,12,0,0
BRDA:214,12,1,0
BRDA:215,13,0,0
BRDA:215,13,1,0
BRDA:218,14,0,0
BRDA:218,14,1,0
BRDA:219,15,0,0
BRDA:219,15,1,0
BRDA:225,16,0,0
BRDA:225,16,1,0
BRDA:236,17,0,0
BRDA:236,17,1,0
BRDA:248,18,0,0
BRDA:248,18,1,0
BRF:38
BRH:11
end_of_record
TN:
SF:src/stores/settings.ts
FN:27,(anonymous_0)
FN:35,(anonymous_1)
FN:49,(anonymous_2)
FN:54,(anonymous_3)
FN:59,(anonymous_4)
FN:64,(anonymous_5)
FN:69,(anonymous_6)
FN:75,persistSettings
FNF:8
FNH:8
FNDA:1,(anonymous_0)
FNDA:2,(anonymous_1)
FNDA:2,(anonymous_2)
FNDA:1,(anonymous_3)
FNDA:2,(anonymous_4)
FNDA:1,(anonymous_5)
FNDA:1,(anonymous_6)
FNDA:7,persistSettings
DA:25,1
DA:27,1
DA:36,2
DA:37,2
DA:38,2
DA:39,1
DA:40,1
DA:42,1
DA:45,0
DA:50,2
DA:51,2
DA:55,1
DA:56,1
DA:60,2
DA:61,2
DA:65,1
DA:66,1
DA:70,1
DA:71,1
DA:76,7
DA:77,7
DA:84,7
LF:22
LH:21
BRDA:38,0,0,1
BRDA:38,0,1,1
BRF:2
BRH:2
end_of_record
TN:
SF:src/utils/format.ts
FN:6,formatWeight
FN:17,formatDistance
FN:26,formatAge
FN:39,formatCurrency
FN:44,formatTruckType
FN:60,formatLoadStatus
FN:80,formatTripStatus
FN:94,formatHeading
FN:107,formatDate
FN:118,formatDateTime
FNF:10
FNH:8
FNDA:7,formatWeight
FNDA:6,formatDistance
FNDA:0,formatAge
FNDA:3,formatCurrency
FNDA:2,formatTruckType
FNDA:3,formatLoadStatus
FNDA:5,formatTripStatus
FNDA:0,formatHeading
FNDA:3,formatDate
FNDA:1,formatDateTime
DA:7,7
DA:8,5
DA:9,5
DA:10,4
DA:11,2
DA:13,2
DA:18,6
DA:19,4
DA:20,4
DA:21,3
DA:22,2
DA:27,0
DA:28,0
DA:29,0
DA:30,0
DA:31,0
DA:33,0
DA:34,0
DA:35,0
DA:40,3
DA:45,2
DA:46,1
DA:56,1
DA:61,3
DA:76,3
DA:81,5
DA:90,5
DA:95,0
DA:96,0
DA:97,0
DA:98,0
DA:99,0
DA:100,0
DA:101,0
DA:102,0
DA:103,0
DA:108,3
DA:109,1
DA:110,1
DA:119,1
DA:120,1
DA:121,1
LF:42
LH:25
BRDA:7,0,0,2
BRDA:7,0,1,5
BRDA:9,1,0,1
BRDA:9,1,1,4
BRDA:10,2,0,2
BRDA:10,2,1,2
BRDA:18,3,0,2
BRDA:18,3,1,4
BRDA:20,4,0,1
BRDA:20,4,1,3
BRDA:21,5,0,1
BRDA:21,5,1,2
BRDA:27,6,0,0
BRDA:27,6,1,0
BRDA:33,7,0,0
BRDA:33,7,1,0
BRDA:34,8,0,0
BRDA:34,8,1,0
BRDA:39,9,0,3
BRDA:45,10,0,1
BRDA:45,10,1,1
BRDA:56,11,0,1
BRDA:56,11,1,0
BRDA:76,12,0,3
BRDA:76,12,1,0
BRDA:90,13,0,5
BRDA:90,13,1,0
BRDA:95,14,0,0
BRDA:95,14,1,0
BRDA:96,15,0,0
BRDA:96,15,1,0
BRDA:96,16,0,0
BRDA:96,16,1,0
BRDA:97,17,0,0
BRDA:97,17,1,0
BRDA:97,18,0,0
BRDA:97,18,1,0
BRDA:98,19,0,0
BRDA:98,19,1,0
BRDA:98,20,0,0
BRDA:98,20,1,0
BRDA:99,21,0,0
BRDA:99,21,1,0
BRDA:99,22,0,0
BRDA:99,22,1,0
BRDA:100,23,0,0
BRDA:100,23,1,0
BRDA:100,24,0,0
BRDA:100,24,1,0
BRDA:101,25,0,0
BRDA:101,25,1,0
BRDA:101,26,0,0
BRDA:101,26,1,0
BRDA:102,27,0,0
BRDA:102,27,1,0
BRDA:102,28,0,0
BRDA:102,28,1,0
BRDA:108,29,0,2
BRDA:108,29,1,1
BRDA:109,30,0,1
BRDA:109,30,1,0
BRDA:119,31,0,0
BRDA:119,31,1,1
BRDA:120,32,0,1
BRDA:120,32,1,0
BRF:65
BRH:23
end_of_record
TN:
SF:src/utils/foundation-rules.ts
FN:15,canModifyTruckOwnership
FN:20,canDirectlyAssignLoads
FN:25,canProposeMatches
FN:30,canStartTrips
FN:35,canAcceptLoadRequests
FN:40,canAcceptTruckRequests
FN:56,getVisibilityRules
FN:136,canTransitionLoad
FN:140,getValidNextLoadStatuses
FN:144,canEditLoad
FN:148,canDeleteLoad
FN:152,isLoadTerminal
FN:156,isLoadActive
FN:160,isLoadInProgress
FN:182,canTransitionTrip
FN:186,getValidNextTripStatuses
FN:190,isTripTerminal
FN:194,isTripActive
FN:203,canCancelTrip
FN:211,canCancelRequest
FN:215,canRespondToRequest
FN:224,(anonymous_21)
FN:234,assertCanModifyTruck
FN:244,assertCanStartTrip
FNF:24
FNH:24
FNDA:5,canModifyTruckOwnership
FNDA:3,canDirectlyAssignLoads
FNDA:3,canProposeMatches
FNDA:4,canStartTrips
FNDA:2,canAcceptLoadRequests
FNDA:3,canAcceptTruckRequests
FNDA:3,getVisibilityRules
FNDA:3,canTransitionLoad
FNDA:1,getValidNextLoadStatuses
FNDA:3,canEditLoad
FNDA:3,canDeleteLoad
FNDA:3,isLoadTerminal
FNDA:3,isLoadActive
FNDA:3,isLoadInProgress
FNDA:7,canTransitionTrip
FNDA:8,getValidNextTripStatuses
FNDA:4,isTripTerminal
FNDA:6,isTripActive
FNDA:7,canCancelTrip
FNDA:2,canCancelRequest
FNDA:2,canRespondToRequest
FNDA:3,(anonymous_21)
FNDA:2,assertCanModifyTruck
FNDA:2,assertCanStartTrip
DA:16,5
DA:21,3
DA:26,3
DA:31,4
DA:36,2
DA:41,3
DA:57,3
DA:59,1
DA:67,1
DA:75,0
DA:84,1
DA:92,0
DA:106,1
DA:137,3
DA:141,1
DA:145,3
DA:149,3
DA:153,3
DA:157,3
DA:161,3
DA:172,1
DA:183,7
DA:187,8
DA:191,4
DA:195,6
DA:204,7
DA:212,2
DA:216,2
DA:229,3
DA:230,3
DA:235,2
DA:236,1
DA:245,2
DA:246,1
LF:34
LH:32
BRDA:21,0,0,3
BRDA:21,0,1,2
BRDA:21,0,2,1
BRDA:26,1,0,3
BRDA:26,1,1,2
BRDA:26,1,2,1
BRDA:41,2,0,3
BRDA:41,2,1,2
BRDA:41,2,2,1
BRDA:57,3,0,1
BRDA:57,3,1,1
BRDA:57,3,2,0
BRDA:57,3,3,1
BRDA:57,3,4,1
BRDA:57,3,5,0
BRDA:137,4,0,3
BRDA:137,4,1,0
BRDA:141,5,0,1
BRDA:141,5,1,0
BRDA:145,6,0,3
BRDA:145,6,1,2
BRDA:145,6,2,2
BRDA:149,7,0,3
BRDA:149,7,1,2
BRDA:153,8,0,3
BRDA:153,8,1,2
BRDA:157,9,0,3
BRDA:157,9,1,2
BRDA:157,9,2,1
BRDA:162,10,0,3
BRDA:162,10,1,2
BRDA:162,10,2,2
BRDA:183,11,0,7
BRDA:183,11,1,0
BRDA:187,12,0,8
BRDA:187,12,1,1
BRDA:191,13,0,4
BRDA:191,13,1,3
BRDA:196,14,0,6
BRDA:196,14,1,5
BRDA:196,14,2,4
BRDA:196,14,3,3
BRDA:204,15,0,7
BRDA:204,15,1,0
BRDA:235,16,0,1
BRDA:235,16,1,1
BRDA:245,17,0,1
BRDA:245,17,1,1
BRF:48
BRH:42
end_of_record
TN:
SF:src/utils/notificationRouting.ts
FN:31,getNotificationRoute
FNF:1
FNH:1
FNDA:48,getNotificationRoute
DA:36,48
DA:38,47
DA:39,47
DA:40,47
DA:41,47
DA:43,47
DA:49,5
DA:50,5
DA:51,4
DA:55,1
DA:63,0
DA:64,0
DA:65,0
DA:69,0
DA:74,0
DA:75,0
DA:76,0
DA:77,0
DA:82,0
DA:88,0
DA:89,0
DA:90,0
DA:91,0
DA:94,0
DA:95,0
DA:99,0
DA:102,0
DA:109,5
DA:116,5
DA:120,1
DA:125,2
DA:131,0
DA:138,0
DA:142,0
DA:146,0
DA:147,0
DA:148,0
DA:152,0
DA:157,0
DA:158,0
DA:162,0
DA:168,4
DA:172,2
DA:176,0
DA:177,0
DA:178,0
DA:182,0
DA:183,0
DA:187,0
DA:190,3
DA:191,1
DA:195,2
DA:198,0
DA:199,0
DA:200,0
DA:203,0
DA:204,0
DA:208,0
DA:212,3
DA:213,2
DA:214,1
DA:215,0
DA:218,3
DA:219,2
DA:220,1
DA:221,0
DA:224,2
DA:230,6
DA:234,0
DA:238,2
DA:242,0
DA:243,0
DA:244,0
DA:251,3
DA:254,1
LF:75
LH:30
BRDA:36,0,0,1
BRDA:36,0,1,47
BRDA:41,1,0,47
BRDA:41,1,1,42
BRDA:43,2,0,3
BRDA:43,2,1,4
BRDA:43,2,2,5
BRDA:43,2,3,0
BRDA:43,2,4,0
BRDA:43,2,5,0
BRDA:43,2,6,0
BRDA:43,2,7,0
BRDA:43,2,8,0
BRDA:43,2,9,0
BRDA:43,2,10,0
BRDA:43,2,11,0
BRDA:43,2,12,0
BRDA:43,2,13,2
BRDA:43,2,14,3
BRDA:43,2,15,4
BRDA:43,2,16,5
BRDA:43,2,17,1
BRDA:43,2,18,3
BRDA:43,2,19,4
BRDA:43,2,20,5
BRDA:43,2,21,1
BRDA:43,2,22,1
BRDA:43,2,23,2
BRDA:43,2,24,0
BRDA:43,2,25,0
BRDA:43,2,26,0
BRDA:43,2,27,0
BRDA:43,2,28,0
BRDA:43,2,29,0
BRDA:43,2,30,0
BRDA:43,2,31,0
BRDA:43,2,32,0
BRDA:43,2,33,0
BRDA:43,2,34,2
BRDA:43,2,35,3
BRDA:43,2,36,4
BRDA:43,2,37,2
BRDA:43,2,38,0
BRDA:43,2,39,3
BRDA:43,2,40,0
BRDA:43,2,41,0
BRDA:43,2,42,3
BRDA:43,2,43,3
BRDA:43,2,44,2
BRDA:43,2,45,3
BRDA:43,2,46,4
BRDA:43,2,47,6
BRDA:43,2,48,0
BRDA:43,2,49,2
BRDA:43,2,50,0
BRDA:43,2,51,1
BRDA:43,2,52,2
BRDA:43,2,53,3
BRDA:43,2,54,1
BRDA:49,3,0,5
BRDA:49,3,1,1
BRDA:50,4,0,4
BRDA:50,4,1,1
BRDA:51,5,0,1
BRDA:51,5,1,3
BRDA:63,6,0,0
BRDA:63,6,1,0
BRDA:64,7,0,0
BRDA:64,7,1,0
BRDA:65,8,0,0
BRDA:65,8,1,0
BRDA:69,9,0,0
BRDA:69,9,1,0
BRDA:74,10,0,0
BRDA:74,10,1,0
BRDA:75,11,0,0
BRDA:75,11,1,0
BRDA:76,12,0,0
BRDA:76,12,1,0
BRDA:76,13,0,0
BRDA:76,13,1,0
BRDA:82,14,0,0
BRDA:82,14,1,0
BRDA:88,15,0,0
BRDA:88,15,1,0
BRDA:89,16,0,0
BRDA:89,16,1,0
BRDA:89,17,0,0
BRDA:89,17,1,0
BRDA:94,18,0,0
BRDA:94,18,1,0
BRDA:95,19,0,0
BRDA:95,19,1,0
BRDA:102,20,0,0
BRDA:102,20,1,0
BRDA:109,21,0,2
BRDA:109,21,1,3
BRDA:116,22,0,1
BRDA:116,22,1,4
BRDA:120,23,0,0
BRDA:120,23,1,1
BRDA:125,24,0,0
BRDA:125,24,1,2
BRDA:131,25,0,0
BRDA:131,25,1,0
BRDA:138,26,0,0
BRDA:138,26,1,0
BRDA:142,27,0,0
BRDA:142,27,1,0
BRDA:146,28,0,0
BRDA:146,28,1,0
BRDA:147,29,0,0
BRDA:147,29,1,0
BRDA:148,30,0,0
BRDA:148,30,1,0
BRDA:152,31,0,0
BRDA:152,31,1,0
BRDA:157,32,0,0
BRDA:157,32,1,0
BRDA:158,33,0,0
BRDA:158,33,1,0
BRDA:168,34,0,1
BRDA:168,34,1,3
BRDA:176,35,0,0
BRDA:176,35,1,0
BRDA:177,36,0,0
BRDA:177,36,1,0
BRDA:178,37,0,0
BRDA:178,37,1,0
BRDA:182,38,0,0
BRDA:182,38,1,0
BRDA:183,39,0,0
BRDA:183,39,1,0
BRDA:190,40,0,1
BRDA:190,40,1,2
BRDA:191,41,0,0
BRDA:191,41,1,1
BRDA:195,42,0,1
BRDA:195,42,1,1
BRDA:198,43,0,0
BRDA:198,43,1,0
BRDA:198,44,0,0
BRDA:198,44,1,0
BRDA:200,45,0,0
BRDA:200,45,1,0
BRDA:203,46,0,0
BRDA:203,46,1,0
BRDA:204,47,0,0
BRDA:204,47,1,0
BRDA:212,48,0,1
BRDA:212,48,1,2
BRDA:213,49,0,1
BRDA:213,49,1,1
BRDA:214,50,0,1
BRDA:214,50,1,0
BRDA:218,51,0,1
BRDA:218,51,1,2
BRDA:219,52,0,1
BRDA:219,52,1,1
BRDA:220,53,0,1
BRDA:220,53,1,0
BRDA:230,54,0,3
BRDA:230,54,1,3
BRDA:234,55,0,0
BRDA:234,55,1,0
BRDA:238,56,0,1
BRDA:238,56,1,1
BRDA:242,57,0,0
BRDA:242,57,1,0
BRDA:243,58,0,0
BRDA:243,58,1,0
BRF:171
BRH:67
end_of_record
